{"/home/travis/build/npmtest/node-npmtest-website-scraper/test.js":{"path":"/home/travis/build/npmtest/node-npmtest-website-scraper/test.js","s":{"1":2,"2":2,"3":2,"4":2,"5":2,"6":2,"7":2,"8":1,"9":2,"10":2,"11":1,"12":1,"13":1,"14":1,"15":2,"16":2,"17":2,"18":2,"19":1,"20":1,"21":2,"22":2,"23":2,"24":1,"25":1,"26":1,"27":1,"28":1,"29":1,"30":1,"31":1,"32":1,"33":1,"34":1,"35":1,"36":1,"37":1,"38":1,"39":2,"40":2,"41":1,"42":2,"43":2,"44":1,"45":2,"46":2,"47":1,"48":2,"49":2,"50":1,"51":1,"52":1,"53":1,"54":1},"b":{"1":[2,1,1,1],"2":[1,1,1,1],"3":[1,1],"4":[1,1],"5":[1,1],"6":[1,1],"7":[1,1],"8":[1,1],"9":[1,1],"10":[1,1,1],"11":[1,1],"12":[1,1],"13":[1,1],"14":[1,1],"15":[1,1],"16":[1,1],"17":[1,1]},"f":{"1":2,"2":2,"3":2,"4":2,"5":2,"6":1,"7":1,"8":1,"9":2,"10":2,"11":2,"12":2,"13":1},"fnMap":{"1":{"name":"(anonymous_1)","line":12,"loc":{"start":{"line":12,"column":1},"end":{"line":12,"column":13}}},"2":{"name":"(anonymous_2)","line":19,"loc":{"start":{"line":19,"column":5},"end":{"line":19,"column":17}}},"3":{"name":"(anonymous_3)","line":23,"loc":{"start":{"line":23,"column":24},"end":{"line":23,"column":36}}},"4":{"name":"(anonymous_4)","line":61,"loc":{"start":{"line":61,"column":5},"end":{"line":61,"column":17}}},"5":{"name":"(anonymous_5)","line":82,"loc":{"start":{"line":82,"column":5},"end":{"line":82,"column":17}}},"6":{"name":"(anonymous_6)","line":91,"loc":{"start":{"line":91,"column":77},"end":{"line":94,"column":10}}},"7":{"name":"(anonymous_7)","line":112,"loc":{"start":{"line":112,"column":83},"end":{"line":115,"column":10}},"skip":true},"8":{"name":"(anonymous_8)","line":123,"loc":{"start":{"line":123,"column":77},"end":{"line":126,"column":10}},"skip":true},"9":{"name":"(anonymous_9)","line":139,"loc":{"start":{"line":139,"column":12},"end":{"line":139,"column":40}},"skip":true},"10":{"name":"(anonymous_10)","line":147,"loc":{"start":{"line":147,"column":77},"end":{"line":150,"column":10}},"skip":true},"11":{"name":"(anonymous_11)","line":158,"loc":{"start":{"line":158,"column":83},"end":{"line":161,"column":10}},"skip":true},"12":{"name":"(anonymous_12)","line":169,"loc":{"start":{"line":169,"column":79},"end":{"line":172,"column":10}},"skip":true},"13":{"name":"(anonymous_13)","line":180,"loc":{"start":{"line":180,"column":75},"end":{"line":183,"column":10}},"skip":true}},"statementMap":{"1":{"start":{"line":12,"column":0},"end":{"line":195,"column":5}},"2":{"start":{"line":14,"column":4},"end":{"line":14,"column":14}},"3":{"start":{"line":19,"column":4},"end":{"line":56,"column":9}},"4":{"start":{"line":21,"column":8},"end":{"line":21,"column":19}},"5":{"start":{"line":23,"column":8},"end":{"line":35,"column":13}},"6":{"start":{"line":24,"column":12},"end":{"line":34,"column":13}},"7":{"start":{"line":25,"column":16},"end":{"line":28,"column":30}},"8":{"start":{"line":30,"column":16},"end":{"line":33,"column":27}},"9":{"start":{"line":37,"column":8},"end":{"line":39,"column":21}},"10":{"start":{"line":40,"column":8},"end":{"line":53,"column":9}},"11":{"start":{"line":43,"column":12},"end":{"line":46,"column":14}},"12":{"start":{"line":47,"column":12},"end":{"line":47,"column":18}},"13":{"start":{"line":50,"column":12},"end":{"line":51,"column":33}},"14":{"start":{"line":52,"column":12},"end":{"line":52,"column":18}},"15":{"start":{"line":55,"column":8},"end":{"line":55,"column":35}},"16":{"start":{"line":61,"column":4},"end":{"line":63,"column":9}},"17":{"start":{"line":62,"column":8},"end":{"line":62,"column":15}},"18":{"start":{"line":64,"column":4},"end":{"line":77,"column":5}},"19":{"start":{"line":70,"column":8},"end":{"line":70,"column":14}},"20":{"start":{"line":76,"column":8},"end":{"line":76,"column":14}},"21":{"start":{"line":82,"column":4},"end":{"line":84,"column":9}},"22":{"start":{"line":83,"column":8},"end":{"line":83,"column":15}},"23":{"start":{"line":85,"column":4},"end":{"line":194,"column":5}},"24":{"start":{"line":91,"column":8},"end":{"line":99,"column":10}},"25":{"start":{"line":98,"column":12},"end":{"line":98,"column":35}},"26":{"start":{"line":102,"column":8},"end":{"line":104,"column":63}},"27":{"start":{"line":105,"column":8},"end":{"line":105,"column":14}},"28":{"start":{"line":112,"column":8},"end":{"line":121,"column":10},"skip":true},"29":{"start":{"line":119,"column":12},"end":{"line":119,"column":55},"skip":true},"30":{"start":{"line":120,"column":12},"end":{"line":120,"column":48},"skip":true},"31":{"start":{"line":123,"column":8},"end":{"line":136,"column":10},"skip":true},"32":{"start":{"line":130,"column":12},"end":{"line":130,"column":76},"skip":true},"33":{"start":{"line":131,"column":12},"end":{"line":131,"column":73},"skip":true},"34":{"start":{"line":132,"column":12},"end":{"line":132,"column":74},"skip":true},"35":{"start":{"line":133,"column":12},"end":{"line":133,"column":79},"skip":true},"36":{"start":{"line":134,"column":12},"end":{"line":134,"column":25},"skip":true},"37":{"start":{"line":135,"column":12},"end":{"line":135,"column":45},"skip":true},"38":{"start":{"line":138,"column":8},"end":{"line":145,"column":14},"skip":true},"39":{"start":{"line":143,"column":16},"end":{"line":143,"column":29},"skip":true},"40":{"start":{"line":144,"column":16},"end":{"line":144,"column":55},"skip":true},"41":{"start":{"line":147,"column":8},"end":{"line":156,"column":10},"skip":true},"42":{"start":{"line":154,"column":12},"end":{"line":154,"column":25},"skip":true},"43":{"start":{"line":155,"column":12},"end":{"line":155,"column":45},"skip":true},"44":{"start":{"line":158,"column":8},"end":{"line":167,"column":10},"skip":true},"45":{"start":{"line":165,"column":12},"end":{"line":165,"column":25},"skip":true},"46":{"start":{"line":166,"column":12},"end":{"line":166,"column":48},"skip":true},"47":{"start":{"line":169,"column":8},"end":{"line":178,"column":10},"skip":true},"48":{"start":{"line":176,"column":12},"end":{"line":176,"column":25},"skip":true},"49":{"start":{"line":177,"column":12},"end":{"line":177,"column":46},"skip":true},"50":{"start":{"line":180,"column":8},"end":{"line":189,"column":10},"skip":true},"51":{"start":{"line":187,"column":12},"end":{"line":187,"column":94},"skip":true},"52":{"start":{"line":188,"column":12},"end":{"line":188,"column":48},"skip":true},"53":{"start":{"line":192,"column":8},"end":{"line":192,"column":35},"skip":true},"54":{"start":{"line":193,"column":8},"end":{"line":193,"column":14},"skip":true}},"branchMap":{"1":{"line":25,"type":"binary-expr","locations":[{"start":{"line":25,"column":23},"end":{"line":25,"column":62}},{"start":{"line":26,"column":20},"end":{"line":26,"column":70}},{"start":{"line":27,"column":20},"end":{"line":27,"column":71}},{"start":{"line":28,"column":20},"end":{"line":28,"column":29}}]},"2":{"line":30,"type":"binary-expr","locations":[{"start":{"line":30,"column":23},"end":{"line":30,"column":37}},{"start":{"line":31,"column":20},"end":{"line":31,"column":61}},{"start":{"line":32,"column":20},"end":{"line":32,"column":70}},{"start":{"line":33,"column":20},"end":{"line":33,"column":26}}]},"3":{"line":37,"type":"cond-expr","locations":[{"start":{"line":38,"column":14},"end":{"line":38,"column":20}},{"start":{"line":39,"column":14},"end":{"line":39,"column":20}}]},"4":{"line":40,"type":"switch","locations":[{"start":{"line":42,"column":8},"end":{"line":47,"column":18}},{"start":{"line":49,"column":8},"end":{"line":52,"column":18}}]},"5":{"line":44,"type":"binary-expr","locations":[{"start":{"line":44,"column":16},"end":{"line":44,"column":44}},{"start":{"line":44,"column":48},"end":{"line":44,"column":66}}]},"6":{"line":50,"type":"binary-expr","locations":[{"start":{"line":50,"column":21},"end":{"line":50,"column":49}},{"start":{"line":50,"column":53},"end":{"line":50,"column":72}}]},"7":{"line":64,"type":"switch","locations":[{"start":{"line":69,"column":4},"end":{"line":70,"column":14}},{"start":{"line":75,"column":4},"end":{"line":76,"column":14}}]},"8":{"line":85,"type":"switch","locations":[{"start":{"line":90,"column":4},"end":{"line":105,"column":14}},{"start":{"line":111,"column":4},"end":{"line":193,"column":14},"skip":true}]},"9":{"line":91,"type":"binary-expr","locations":[{"start":{"line":91,"column":42},"end":{"line":91,"column":73}},{"start":{"line":91,"column":77},"end":{"line":99,"column":9}}]},"10":{"line":102,"type":"binary-expr","locations":[{"start":{"line":102,"column":18},"end":{"line":102,"column":32}},{"start":{"line":103,"column":12},"end":{"line":103,"column":53}},{"start":{"line":104,"column":12},"end":{"line":104,"column":61}}]},"11":{"line":112,"type":"binary-expr","locations":[{"start":{"line":112,"column":45},"end":{"line":112,"column":79},"skip":true},{"start":{"line":112,"column":83},"end":{"line":121,"column":9},"skip":true}]},"12":{"line":123,"type":"binary-expr","locations":[{"start":{"line":123,"column":42},"end":{"line":123,"column":73},"skip":true},{"start":{"line":123,"column":77},"end":{"line":136,"column":9},"skip":true}]},"13":{"line":138,"type":"binary-expr","locations":[{"start":{"line":138,"column":48},"end":{"line":138,"column":85},"skip":true},{"start":{"line":139,"column":12},"end":{"line":145,"column":13},"skip":true}]},"14":{"line":147,"type":"binary-expr","locations":[{"start":{"line":147,"column":42},"end":{"line":147,"column":73},"skip":true},{"start":{"line":147,"column":77},"end":{"line":156,"column":9},"skip":true}]},"15":{"line":158,"type":"binary-expr","locations":[{"start":{"line":158,"column":45},"end":{"line":158,"column":79},"skip":true},{"start":{"line":158,"column":83},"end":{"line":167,"column":9},"skip":true}]},"16":{"line":169,"type":"binary-expr","locations":[{"start":{"line":169,"column":43},"end":{"line":169,"column":75},"skip":true},{"start":{"line":169,"column":79},"end":{"line":178,"column":9},"skip":true}]},"17":{"line":180,"type":"binary-expr","locations":[{"start":{"line":180,"column":41},"end":{"line":180,"column":71},"skip":true},{"start":{"line":180,"column":75},"end":{"line":189,"column":9},"skip":true}]}},"code":["/* istanbul instrument in package npmtest_website_scraper */","/*jslint","    bitwise: true,","    browser: true,","    maxerr: 8,","    maxlen: 96,","    node: true,","    nomen: true,","    regexp: true,","    stupid: true","*/","(function () {","    'use strict';","    var local;","","","","    // run shared js-env code - pre-init","    (function () {","        // init local","        local = {};","        // init modeJs","        local.modeJs = (function () {","            try {","                return typeof navigator.userAgent === 'string' &&","                    typeof document.querySelector('body') === 'object' &&","                    typeof XMLHttpRequest.prototype.open === 'function' &&","                    'browser';","            } catch (errorCaughtBrowser) {","                return module.exports &&","                    typeof process.versions.node === 'string' &&","                    typeof require('http').createServer === 'function' &&","                    'node';","            }","        }());","        // init global","        local.global = local.modeJs === 'browser'","            ? window","            : global;","        switch (local.modeJs) {","        // re-init local from window.local","        case 'browser':","            local = local.global.utility2.objectSetDefault(","                local.global.utility2_rollup || local.global.local,","                local.global.utility2","            );","            break;","        // re-init local from example.js","        case 'node':","            local = (local.global.utility2_rollup || require('utility2'))","                .requireReadme();","            break;","        }","        // export local","        local.global.local = local;","    }());","","","","    // run shared js-env code - function","    (function () {","        return;","    }());","    switch (local.modeJs) {","","","","    // run browser js-env code - function","    case 'browser':","        break;","","","","    // run node js-env code - function","    case 'node':","        break;","    }","","","","    // run shared js-env code - post-init","    (function () {","        return;","    }());","    switch (local.modeJs) {","","","","    // run browser js-env code - post-init","    case 'browser':","        local.testCase_browser_nullCase = local.testCase_browser_nullCase || function (","            options,","            onError","        ) {","        /*","         * this function will test browsers's null-case handling-behavior-behavior","         */","            onError(null, options);","        };","","        // run tests","        local.nop(local.modeTest &&","            document.querySelector('#testRunButton1') &&","            document.querySelector('#testRunButton1').click());","        break;","","","","    // run node js-env code - post-init","    /* istanbul ignore next */","    case 'node':","        local.testCase_buildApidoc_default = local.testCase_buildApidoc_default || function (","            options,","            onError","        ) {","        /*","         * this function will test buildApidoc's default handling-behavior-behavior","         */","            options = { modulePathList: module.paths };","            local.buildApidoc(options, onError);","        };","","        local.testCase_buildApp_default = local.testCase_buildApp_default || function (","            options,","            onError","        ) {","        /*","         * this function will test buildApp's default handling-behavior-behavior","         */","            local.testCase_buildReadme_default(options, local.onErrorThrow);","            local.testCase_buildLib_default(options, local.onErrorThrow);","            local.testCase_buildTest_default(options, local.onErrorThrow);","            local.testCase_buildCustomOrg_default(options, local.onErrorThrow);","            options = [];","            local.buildApp(options, onError);","        };","","        local.testCase_buildCustomOrg_default = local.testCase_buildCustomOrg_default ||","            function (options, onError) {","            /*","             * this function will test buildCustomOrg's default handling-behavior","             */","                options = {};","                local.buildCustomOrg(options, onError);","            };","","        local.testCase_buildLib_default = local.testCase_buildLib_default || function (","            options,","            onError","        ) {","        /*","         * this function will test buildLib's default handling-behavior","         */","            options = {};","            local.buildLib(options, onError);","        };","","        local.testCase_buildReadme_default = local.testCase_buildReadme_default || function (","            options,","            onError","        ) {","        /*","         * this function will test buildReadme's default handling-behavior-behavior","         */","            options = {};","            local.buildReadme(options, onError);","        };","","        local.testCase_buildTest_default = local.testCase_buildTest_default || function (","            options,","            onError","        ) {","        /*","         * this function will test buildTest's default handling-behavior","         */","            options = {};","            local.buildTest(options, onError);","        };","","        local.testCase_webpage_default = local.testCase_webpage_default || function (","            options,","            onError","        ) {","        /*","         * this function will test webpage's default handling-behavior","         */","            options = { modeCoverageMerge: true, url: local.serverLocalHost + '?modeTest=1' };","            local.browserTest(options, onError);","        };","","        // run test-server","        local.testRunServer(local);","        break;","    }","}());",""],"l":{"12":2,"14":2,"19":2,"21":2,"23":2,"24":2,"25":2,"30":1,"37":2,"40":2,"43":1,"47":1,"50":1,"52":1,"55":2,"61":2,"62":2,"64":2,"70":1,"76":1,"82":2,"83":2,"85":2,"91":1,"98":1,"102":1,"105":1,"112":1,"119":1,"120":1,"123":1,"130":1,"131":1,"132":1,"133":1,"134":1,"135":1,"138":1,"143":2,"144":2,"147":1,"154":2,"155":2,"158":1,"165":2,"166":2,"169":1,"176":2,"177":2,"180":1,"187":1,"188":1,"192":1,"193":1}},"/home/travis/build/npmtest/node-npmtest-website-scraper/lib.npmtest_website_scraper.js":{"path":"/home/travis/build/npmtest/node-npmtest-website-scraper/lib.npmtest_website_scraper.js","s":{"1":2,"2":2,"3":2,"4":2,"5":2,"6":2,"7":2,"8":1,"9":2,"10":2,"11":2,"12":2,"13":1,"14":1,"15":1,"16":1},"b":{"1":[2,1,1,1],"2":[1,1,1,1],"3":[1,1],"4":[2,2],"5":[1,1]},"f":{"1":2,"2":2,"3":2},"fnMap":{"1":{"name":"(anonymous_1)","line":12,"loc":{"start":{"line":12,"column":1},"end":{"line":12,"column":13}}},"2":{"name":"(anonymous_2)","line":19,"loc":{"start":{"line":19,"column":5},"end":{"line":19,"column":17}}},"3":{"name":"(anonymous_3)","line":23,"loc":{"start":{"line":23,"column":24},"end":{"line":23,"column":36}}}},"statementMap":{"1":{"start":{"line":12,"column":0},"end":{"line":53,"column":5}},"2":{"start":{"line":14,"column":4},"end":{"line":14,"column":14}},"3":{"start":{"line":19,"column":4},"end":{"line":52,"column":9}},"4":{"start":{"line":21,"column":8},"end":{"line":21,"column":19}},"5":{"start":{"line":23,"column":8},"end":{"line":35,"column":13}},"6":{"start":{"line":24,"column":12},"end":{"line":34,"column":13}},"7":{"start":{"line":25,"column":16},"end":{"line":28,"column":30}},"8":{"start":{"line":30,"column":16},"end":{"line":33,"column":27}},"9":{"start":{"line":37,"column":8},"end":{"line":39,"column":21}},"10":{"start":{"line":41,"column":8},"end":{"line":41,"column":54}},"11":{"start":{"line":43,"column":8},"end":{"line":43,"column":60}},"12":{"start":{"line":45,"column":8},"end":{"line":51,"column":9}},"13":{"start":{"line":46,"column":12},"end":{"line":46,"column":66}},"14":{"start":{"line":48,"column":12},"end":{"line":48,"column":35}},"15":{"start":{"line":49,"column":12},"end":{"line":49,"column":49}},"16":{"start":{"line":50,"column":12},"end":{"line":50,"column":43}}},"branchMap":{"1":{"line":25,"type":"binary-expr","locations":[{"start":{"line":25,"column":23},"end":{"line":25,"column":62}},{"start":{"line":26,"column":20},"end":{"line":26,"column":70}},{"start":{"line":27,"column":20},"end":{"line":27,"column":71}},{"start":{"line":28,"column":20},"end":{"line":28,"column":29}}]},"2":{"line":30,"type":"binary-expr","locations":[{"start":{"line":30,"column":23},"end":{"line":30,"column":37}},{"start":{"line":31,"column":20},"end":{"line":31,"column":61}},{"start":{"line":32,"column":20},"end":{"line":32,"column":70}},{"start":{"line":33,"column":20},"end":{"line":33,"column":26}}]},"3":{"line":37,"type":"cond-expr","locations":[{"start":{"line":38,"column":14},"end":{"line":38,"column":20}},{"start":{"line":39,"column":14},"end":{"line":39,"column":20}}]},"4":{"line":41,"type":"binary-expr","locations":[{"start":{"line":41,"column":16},"end":{"line":41,"column":44}},{"start":{"line":41,"column":48},"end":{"line":41,"column":53}}]},"5":{"line":45,"type":"if","locations":[{"start":{"line":45,"column":8},"end":{"line":45,"column":8}},{"start":{"line":45,"column":8},"end":{"line":45,"column":8}}]}},"code":["/* istanbul instrument in package npmtest_website_scraper */","/*jslint","    bitwise: true,","    browser: true,","    maxerr: 8,","    maxlen: 96,","    node: true,","    nomen: true,","    regexp: true,","    stupid: true","*/","(function () {","    'use strict';","    var local;","","","","    // run shared js-env code - pre-init","    (function () {","        // init local","        local = {};","        // init modeJs","        local.modeJs = (function () {","            try {","                return typeof navigator.userAgent === 'string' &&","                    typeof document.querySelector('body') === 'object' &&","                    typeof XMLHttpRequest.prototype.open === 'function' &&","                    'browser';","            } catch (errorCaughtBrowser) {","                return module.exports &&","                    typeof process.versions.node === 'string' &&","                    typeof require('http').createServer === 'function' &&","                    'node';","            }","        }());","        // init global","        local.global = local.modeJs === 'browser'","            ? window","            : global;","        // init utility2_rollup","        local = local.global.utility2_rollup || local;","        // init lib","        local.local = local.npmtest_website_scraper = local;","        // init exports","        if (local.modeJs === 'browser') {","            local.global.utility2_npmtest_website_scraper = local;","        } else {","            module.exports = local;","            module.exports.__dirname = __dirname;","            module.exports.module = module;","        }","    }());","}());",""],"l":{"12":2,"14":2,"19":2,"21":2,"23":2,"24":2,"25":2,"30":1,"37":2,"41":2,"43":2,"45":2,"46":1,"48":1,"49":1,"50":1}},"/home/travis/build/npmtest/node-npmtest-website-scraper/example.js":{"path":"/home/travis/build/npmtest/node-npmtest-website-scraper/example.js","s":{"1":2,"2":2,"3":2,"4":2,"5":2,"6":2,"7":2,"8":1,"9":2,"10":2,"11":2,"12":2,"13":1,"14":2,"15":2,"16":2,"17":2,"18":2,"19":0,"20":2,"21":1,"22":1,"23":1,"24":1,"25":1,"26":0,"27":0,"28":1,"29":1,"30":2,"31":0,"32":0,"33":0,"34":1,"35":2,"36":2,"37":3,"38":3,"39":3,"40":3,"41":0,"42":3,"43":3,"44":3,"45":1,"46":3,"47":1,"48":1,"49":1,"50":1,"51":1,"52":1,"53":1,"54":1,"55":1,"56":1,"57":0,"58":1,"59":6,"60":6,"61":1,"62":2,"63":0,"64":2,"65":1,"66":1,"67":0,"68":0,"69":0,"70":0,"71":0,"72":0,"73":0,"74":0,"75":0,"76":0,"77":0,"78":0,"79":0,"80":0,"81":0,"82":0,"83":0},"b":{"1":[2,1,1,1],"2":[1,1,1,1],"3":[1,1],"4":[2,2],"5":[1,1],"6":[1,1],"7":[2,0],"8":[2,1,1,1,1,1],"9":[0,2,0],"10":[1,1],"11":[2,1,1],"12":[1,0],"13":[0,2],"14":[2,0,0,0,0,0,0],"15":[0,3],"16":[3,0],"17":[1,1],"18":[0,1],"19":[1,2,0,2],"20":[1,0],"21":[1,1],"22":[0,0],"23":[0,0],"24":[0,0],"25":[0,0],"26":[0,0],"27":[0,0],"28":[0,0]},"f":{"1":2,"2":2,"3":2,"4":2,"5":2,"6":2,"7":3,"8":3,"9":3,"10":1,"11":6,"12":0},"fnMap":{"1":{"name":"(anonymous_1)","line":26,"loc":{"start":{"line":26,"column":1},"end":{"line":26,"column":13}}},"2":{"name":"(anonymous_2)","line":33,"loc":{"start":{"line":33,"column":5},"end":{"line":33,"column":17}}},"3":{"name":"(anonymous_3)","line":37,"loc":{"start":{"line":37,"column":24},"end":{"line":37,"column":36}}},"4":{"name":"(anonymous_4)","line":69,"loc":{"start":{"line":69,"column":31},"end":{"line":69,"column":48}},"skip":true},"5":{"name":"(anonymous_5)","line":78,"loc":{"start":{"line":78,"column":26},"end":{"line":78,"column":45}},"skip":true},"6":{"name":"(anonymous_6)","line":123,"loc":{"start":{"line":123,"column":33},"end":{"line":123,"column":48}},"skip":true},"7":{"name":"(anonymous_7)","line":125,"loc":{"start":{"line":125,"column":27},"end":{"line":125,"column":39}},"skip":true},"8":{"name":"(anonymous_8)","line":133,"loc":{"start":{"line":133,"column":59},"end":{"line":133,"column":74}},"skip":true},"9":{"name":"(anonymous_9)","line":143,"loc":{"start":{"line":143,"column":45},"end":{"line":143,"column":62}},"skip":true},"10":{"name":"(anonymous_10)","line":144,"loc":{"start":{"line":144,"column":73},"end":{"line":144,"column":92}},"skip":true},"11":{"name":"(anonymous_11)","line":272,"loc":{"start":{"line":272,"column":51},"end":{"line":272,"column":77}},"skip":true},"12":{"name":"(anonymous_12)","line":315,"loc":{"start":{"line":315,"column":32},"end":{"line":315,"column":61}},"skip":true}},"statementMap":{"1":{"start":{"line":26,"column":0},"end":{"line":326,"column":5}},"2":{"start":{"line":28,"column":4},"end":{"line":28,"column":14}},"3":{"start":{"line":33,"column":4},"end":{"line":60,"column":9}},"4":{"start":{"line":35,"column":8},"end":{"line":35,"column":19}},"5":{"start":{"line":37,"column":8},"end":{"line":49,"column":13}},"6":{"start":{"line":38,"column":12},"end":{"line":48,"column":13}},"7":{"start":{"line":39,"column":16},"end":{"line":42,"column":30}},"8":{"start":{"line":44,"column":16},"end":{"line":47,"column":27}},"9":{"start":{"line":51,"column":8},"end":{"line":53,"column":21}},"10":{"start":{"line":55,"column":8},"end":{"line":57,"column":45}},"11":{"start":{"line":59,"column":8},"end":{"line":59,"column":35}},"12":{"start":{"line":61,"column":4},"end":{"line":325,"column":5}},"13":{"start":{"line":69,"column":8},"end":{"line":121,"column":10},"skip":true},"14":{"start":{"line":70,"column":12},"end":{"line":88,"column":13},"skip":true},"15":{"start":{"line":76,"column":16},"end":{"line":87,"column":19},"skip":true},"16":{"start":{"line":79,"column":20},"end":{"line":86,"column":21},"skip":true},"17":{"start":{"line":82,"column":24},"end":{"line":82,"column":43},"skip":true},"18":{"start":{"line":83,"column":24},"end":{"line":83,"column":30},"skip":true},"19":{"start":{"line":85,"column":24},"end":{"line":85,"column":49},"skip":true},"20":{"start":{"line":89,"column":12},"end":{"line":107,"column":13},"skip":true},"21":{"start":{"line":92,"column":16},"end":{"line":102,"column":17},"skip":true},"22":{"start":{"line":93,"column":20},"end":{"line":93,"column":86},"skip":true},"23":{"start":{"line":94,"column":20},"end":{"line":95,"column":45},"skip":true},"24":{"start":{"line":96,"column":20},"end":{"line":96,"column":42},"skip":true},"25":{"start":{"line":97,"column":20},"end":{"line":97,"column":48},"skip":true},"26":{"start":{"line":100,"column":20},"end":{"line":100,"column":85},"skip":true},"27":{"start":{"line":101,"column":20},"end":{"line":101,"column":96},"skip":true},"28":{"start":{"line":103,"column":16},"end":{"line":103,"column":22},"skip":true},"29":{"start":{"line":106,"column":16},"end":{"line":106,"column":22},"skip":true},"30":{"start":{"line":108,"column":12},"end":{"line":120,"column":13},"skip":true},"31":{"start":{"line":114,"column":16},"end":{"line":119,"column":17},"skip":true},"32":{"start":{"line":116,"column":20},"end":{"line":116,"column":78},"skip":true},"33":{"start":{"line":118,"column":20},"end":{"line":118,"column":47},"skip":true},"34":{"start":{"line":123,"column":8},"end":{"line":141,"column":11},"skip":true},"35":{"start":{"line":124,"column":12},"end":{"line":124,"column":54},"skip":true},"36":{"start":{"line":125,"column":12},"end":{"line":140,"column":14},"skip":true},"37":{"start":{"line":126,"column":16},"end":{"line":126,"column":28},"skip":true},"38":{"start":{"line":127,"column":16},"end":{"line":127,"column":69},"skip":true},"39":{"start":{"line":128,"column":16},"end":{"line":128,"column":75},"skip":true},"40":{"start":{"line":129,"column":16},"end":{"line":131,"column":17},"skip":true},"41":{"start":{"line":130,"column":20},"end":{"line":130,"column":27},"skip":true},"42":{"start":{"line":133,"column":16},"end":{"line":137,"column":36},"skip":true},"43":{"start":{"line":134,"column":20},"end":{"line":136,"column":55},"skip":true},"44":{"start":{"line":139,"column":16},"end":{"line":139,"column":57},"skip":true},"45":{"start":{"line":143,"column":8},"end":{"line":147,"column":11},"skip":true},"46":{"start":{"line":144,"column":12},"end":{"line":146,"column":15},"skip":true},"47":{"start":{"line":145,"column":16},"end":{"line":145,"column":70},"skip":true},"48":{"start":{"line":149,"column":8},"end":{"line":149,"column":31},"skip":true},"49":{"start":{"line":150,"column":8},"end":{"line":150,"column":14},"skip":true},"50":{"start":{"line":158,"column":8},"end":{"line":158,"column":31},"skip":true},"51":{"start":{"line":160,"column":8},"end":{"line":160,"column":33},"skip":true},"52":{"start":{"line":161,"column":8},"end":{"line":161,"column":37},"skip":true},"53":{"start":{"line":162,"column":8},"end":{"line":162,"column":35},"skip":true},"54":{"start":{"line":164,"column":8},"end":{"line":164,"column":50},"skip":true},"55":{"start":{"line":166,"column":8},"end":{"line":256,"column":2},"skip":true},"56":{"start":{"line":258,"column":8},"end":{"line":286,"column":9},"skip":true},"57":{"start":{"line":259,"column":12},"end":{"line":269,"column":14},"skip":true},"58":{"start":{"line":271,"column":12},"end":{"line":285,"column":19},"skip":true},"59":{"start":{"line":274,"column":20},"end":{"line":274,"column":35},"skip":true},"60":{"start":{"line":275,"column":20},"end":{"line":284,"column":21},"skip":true},"61":{"start":{"line":277,"column":24},"end":{"line":277,"column":64},"skip":true},"62":{"start":{"line":279,"column":24},"end":{"line":279,"column":40},"skip":true},"63":{"start":{"line":281,"column":24},"end":{"line":281,"column":40},"skip":true},"64":{"start":{"line":283,"column":24},"end":{"line":283,"column":39},"skip":true},"65":{"start":{"line":288,"column":8},"end":{"line":290,"column":9},"skip":true},"66":{"start":{"line":289,"column":12},"end":{"line":289,"column":18},"skip":true},"67":{"start":{"line":291,"column":8},"end":{"line":293,"column":54},"skip":true},"68":{"start":{"line":296,"column":8},"end":{"line":301,"column":37},"skip":true},"69":{"start":{"line":303,"column":8},"end":{"line":303,"column":82},"skip":true},"70":{"start":{"line":306,"column":8},"end":{"line":308,"column":9},"skip":true},"71":{"start":{"line":307,"column":12},"end":{"line":307,"column":82},"skip":true},"72":{"start":{"line":310,"column":8},"end":{"line":312,"column":9},"skip":true},"73":{"start":{"line":311,"column":12},"end":{"line":311,"column":18},"skip":true},"74":{"start":{"line":313,"column":8},"end":{"line":313,"column":54},"skip":true},"75":{"start":{"line":314,"column":8},"end":{"line":314,"column":69},"skip":true},"76":{"start":{"line":315,"column":8},"end":{"line":323,"column":36},"skip":true},"77":{"start":{"line":316,"column":12},"end":{"line":316,"column":61},"skip":true},"78":{"start":{"line":317,"column":12},"end":{"line":320,"column":13},"skip":true},"79":{"start":{"line":318,"column":16},"end":{"line":318,"column":75},"skip":true},"80":{"start":{"line":319,"column":16},"end":{"line":319,"column":23},"skip":true},"81":{"start":{"line":321,"column":12},"end":{"line":321,"column":38},"skip":true},"82":{"start":{"line":322,"column":12},"end":{"line":322,"column":27},"skip":true},"83":{"start":{"line":324,"column":8},"end":{"line":324,"column":14},"skip":true}},"branchMap":{"1":{"line":39,"type":"binary-expr","locations":[{"start":{"line":39,"column":23},"end":{"line":39,"column":62}},{"start":{"line":40,"column":20},"end":{"line":40,"column":70}},{"start":{"line":41,"column":20},"end":{"line":41,"column":71}},{"start":{"line":42,"column":20},"end":{"line":42,"column":29}}]},"2":{"line":44,"type":"binary-expr","locations":[{"start":{"line":44,"column":23},"end":{"line":44,"column":37}},{"start":{"line":45,"column":20},"end":{"line":45,"column":61}},{"start":{"line":46,"column":20},"end":{"line":46,"column":70}},{"start":{"line":47,"column":20},"end":{"line":47,"column":26}}]},"3":{"line":51,"type":"cond-expr","locations":[{"start":{"line":52,"column":14},"end":{"line":52,"column":20}},{"start":{"line":53,"column":14},"end":{"line":53,"column":20}}]},"4":{"line":55,"type":"binary-expr","locations":[{"start":{"line":55,"column":16},"end":{"line":55,"column":44}},{"start":{"line":55,"column":49},"end":{"line":57,"column":43}}]},"5":{"line":55,"type":"cond-expr","locations":[{"start":{"line":56,"column":14},"end":{"line":56,"column":59}},{"start":{"line":57,"column":14},"end":{"line":57,"column":43}}]},"6":{"line":61,"type":"switch","locations":[{"start":{"line":68,"column":4},"end":{"line":150,"column":14},"skip":true},{"start":{"line":156,"column":4},"end":{"line":324,"column":14},"skip":true}]},"7":{"line":70,"type":"if","locations":[{"start":{"line":70,"column":12},"end":{"line":70,"column":12},"skip":true},{"start":{"line":70,"column":12},"end":{"line":70,"column":12},"skip":true}]},"8":{"line":70,"type":"binary-expr","locations":[{"start":{"line":70,"column":16},"end":{"line":70,"column":22},"skip":true},{"start":{"line":70,"column":27},"end":{"line":70,"column":32},"skip":true},{"start":{"line":71,"column":20},"end":{"line":71,"column":39},"skip":true},{"start":{"line":72,"column":20},"end":{"line":72,"column":49},"skip":true},{"start":{"line":73,"column":20},"end":{"line":73,"column":58},"skip":true},{"start":{"line":74,"column":20},"end":{"line":74,"column":69},"skip":true}]},"9":{"line":79,"type":"switch","locations":[{"start":{"line":80,"column":20},"end":{"line":80,"column":33},"skip":true},{"start":{"line":81,"column":20},"end":{"line":83,"column":30},"skip":true},{"start":{"line":84,"column":20},"end":{"line":85,"column":49},"skip":true}]},"10":{"line":89,"type":"switch","locations":[{"start":{"line":90,"column":12},"end":{"line":103,"column":22},"skip":true},{"start":{"line":105,"column":12},"end":{"line":106,"column":22},"skip":true}]},"11":{"line":89,"type":"binary-expr","locations":[{"start":{"line":89,"column":20},"end":{"line":89,"column":25},"skip":true},{"start":{"line":89,"column":29},"end":{"line":89,"column":48},"skip":true},{"start":{"line":89,"column":52},"end":{"line":89,"column":74},"skip":true}]},"12":{"line":92,"type":"if","locations":[{"start":{"line":92,"column":16},"end":{"line":92,"column":16},"skip":true},{"start":{"line":92,"column":16},"end":{"line":92,"column":16},"skip":true}]},"13":{"line":108,"type":"if","locations":[{"start":{"line":108,"column":12},"end":{"line":108,"column":12},"skip":true},{"start":{"line":108,"column":12},"end":{"line":108,"column":12},"skip":true}]},"14":{"line":108,"type":"binary-expr","locations":[{"start":{"line":108,"column":16},"end":{"line":108,"column":61},"skip":true},{"start":{"line":108,"column":66},"end":{"line":108,"column":72},"skip":true},{"start":{"line":108,"column":77},"end":{"line":108,"column":82},"skip":true},{"start":{"line":109,"column":20},"end":{"line":109,"column":39},"skip":true},{"start":{"line":110,"column":20},"end":{"line":110,"column":49},"skip":true},{"start":{"line":111,"column":20},"end":{"line":111,"column":58},"skip":true},{"start":{"line":112,"column":20},"end":{"line":112,"column":68},"skip":true}]},"15":{"line":129,"type":"if","locations":[{"start":{"line":129,"column":16},"end":{"line":129,"column":16},"skip":true},{"start":{"line":129,"column":16},"end":{"line":129,"column":16},"skip":true}]},"16":{"line":134,"type":"cond-expr","locations":[{"start":{"line":135,"column":26},"end":{"line":135,"column":29},"skip":true},{"start":{"line":136,"column":26},"end":{"line":136,"column":54},"skip":true}]},"17":{"line":164,"type":"binary-expr","locations":[{"start":{"line":164,"column":27},"end":{"line":164,"column":43},"skip":true},{"start":{"line":164,"column":47},"end":{"line":164,"column":49},"skip":true}]},"18":{"line":258,"type":"if","locations":[{"start":{"line":258,"column":8},"end":{"line":258,"column":8},"skip":true},{"start":{"line":258,"column":8},"end":{"line":258,"column":8},"skip":true}]},"19":{"line":275,"type":"switch","locations":[{"start":{"line":276,"column":20},"end":{"line":277,"column":64},"skip":true},{"start":{"line":278,"column":20},"end":{"line":279,"column":40},"skip":true},{"start":{"line":280,"column":20},"end":{"line":281,"column":40},"skip":true},{"start":{"line":282,"column":20},"end":{"line":283,"column":39},"skip":true}]},"20":{"line":288,"type":"if","locations":[{"start":{"line":288,"column":8},"end":{"line":288,"column":8},"skip":true},{"start":{"line":288,"column":8},"end":{"line":288,"column":8},"skip":true}]},"21":{"line":288,"type":"binary-expr","locations":[{"start":{"line":288,"column":12},"end":{"line":288,"column":40},"skip":true},{"start":{"line":288,"column":44},"end":{"line":288,"column":67},"skip":true}]},"22":{"line":292,"type":"binary-expr","locations":[{"start":{"line":292,"column":12},"end":{"line":292,"column":50},"skip":true},{"start":{"line":293,"column":12},"end":{"line":293,"column":53},"skip":true}]},"23":{"line":297,"type":"binary-expr","locations":[{"start":{"line":297,"column":12},"end":{"line":297,"column":73},"skip":true},{"start":{"line":298,"column":12},"end":{"line":301,"column":36},"skip":true}]},"24":{"line":303,"type":"binary-expr","locations":[{"start":{"line":303,"column":43},"end":{"line":303,"column":75},"skip":true},{"start":{"line":303,"column":79},"end":{"line":303,"column":81},"skip":true}]},"25":{"line":306,"type":"if","locations":[{"start":{"line":306,"column":8},"end":{"line":306,"column":8},"skip":true},{"start":{"line":306,"column":8},"end":{"line":306,"column":8},"skip":true}]},"26":{"line":310,"type":"if","locations":[{"start":{"line":310,"column":8},"end":{"line":310,"column":8},"skip":true},{"start":{"line":310,"column":8},"end":{"line":310,"column":8},"skip":true}]},"27":{"line":313,"type":"binary-expr","locations":[{"start":{"line":313,"column":27},"end":{"line":313,"column":43},"skip":true},{"start":{"line":313,"column":47},"end":{"line":313,"column":53},"skip":true}]},"28":{"line":317,"type":"if","locations":[{"start":{"line":317,"column":12},"end":{"line":317,"column":12},"skip":true},{"start":{"line":317,"column":12},"end":{"line":317,"column":12},"skip":true}]}},"code":["/*","example.js","","quickstart example","","instruction","    1. save this script as example.js","    2. run the shell command:","        $ npm install npmtest-website-scraper && PORT=8081 node example.js","    3. play with the browser-demo on http://127.0.0.1:8081","*/","","","","/* istanbul instrument in package npmtest_website_scraper */","/*jslint","    bitwise: true,","    browser: true,","    maxerr: 8,","    maxlen: 96,","    node: true,","    nomen: true,","    regexp: true,","    stupid: true","*/","(function () {","    'use strict';","    var local;","","","","    // run shared js-env code - pre-init","    (function () {","        // init local","        local = {};","        // init modeJs","        local.modeJs = (function () {","            try {","                return typeof navigator.userAgent === 'string' &&","                    typeof document.querySelector('body') === 'object' &&","                    typeof XMLHttpRequest.prototype.open === 'function' &&","                    'browser';","            } catch (errorCaughtBrowser) {","                return module.exports &&","                    typeof process.versions.node === 'string' &&","                    typeof require('http').createServer === 'function' &&","                    'node';","            }","        }());","        // init global","        local.global = local.modeJs === 'browser'","            ? window","            : global;","        // init utility2_rollup","        local = local.global.utility2_rollup || (local.modeJs === 'browser'","            ? local.global.utility2_npmtest_website_scraper","            : global.utility2_moduleExports);","        // export local","        local.global.local = local;","    }());","    switch (local.modeJs) {","","","","    // post-init","    // run browser js-env code - post-init","    /* istanbul ignore next */","    case 'browser':","        local.testRunBrowser = function (event) {","            if (!event || (event &&","                    event.currentTarget &&","                    event.currentTarget.className &&","                    event.currentTarget.className.includes &&","                    event.currentTarget.className.includes('onreset'))) {","                // reset output","                Array.from(","                    document.querySelectorAll('body > .resettable')","                ).forEach(function (element) {","                    switch (element.tagName) {","                    case 'INPUT':","                    case 'TEXTAREA':","                        element.value = '';","                        break;","                    default:","                        element.textContent = '';","                    }","                });","            }","            switch (event && event.currentTarget && event.currentTarget.id) {","            case 'testRunButton1':","                // show tests","                if (document.querySelector('#testReportDiv1').style.display === 'none') {","                    document.querySelector('#testReportDiv1').style.display = 'block';","                    document.querySelector('#testRunButton1').textContent =","                        'hide internal test';","                    local.modeTest = true;","                    local.testRunDefault(local);","                // hide tests","                } else {","                    document.querySelector('#testReportDiv1').style.display = 'none';","                    document.querySelector('#testRunButton1').textContent = 'run internal test';","                }","                break;","            // custom-case","            default:","                break;","            }","            if (document.querySelector('#inputTextareaEval1') && (!event || (event &&","                    event.currentTarget &&","                    event.currentTarget.className &&","                    event.currentTarget.className.includes &&","                    event.currentTarget.className.includes('oneval')))) {","                // try to eval input-code","                try {","                    /*jslint evil: true*/","                    eval(document.querySelector('#inputTextareaEval1').value);","                } catch (errorCaught) {","                    console.error(errorCaught);","                }","            }","        };","        // log stderr and stdout to #outputTextareaStdout1","        ['error', 'log'].forEach(function (key) {","            console[key + '_original'] = console[key];","            console[key] = function () {","                var element;","                console[key + '_original'].apply(console, arguments);","                element = document.querySelector('#outputTextareaStdout1');","                if (!element) {","                    return;","                }","                // append text to #outputTextareaStdout1","                element.value += Array.from(arguments).map(function (arg) {","                    return typeof arg === 'string'","                        ? arg","                        : JSON.stringify(arg, null, 4);","                }).join(' ') + '\\n';","                // scroll textarea to bottom","                element.scrollTop = element.scrollHeight;","            };","        });","        // init event-handling","        ['change', 'click', 'keyup'].forEach(function (event) {","            Array.from(document.querySelectorAll('.on' + event)).forEach(function (element) {","                element.addEventListener(event, local.testRunBrowser);","            });","        });","        // run tests","        local.testRunBrowser();","        break;","","","","    // run node js-env code - post-init","    /* istanbul ignore next */","    case 'node':","        // export local","        module.exports = local;","        // require modules","        local.fs = require('fs');","        local.http = require('http');","        local.url = require('url');","        // init assets","        local.assetsDict = local.assetsDict || {};","        /* jslint-ignore-begin */","        local.assetsDict['/assets.index.template.html'] = '\\","<!doctype html>\\n\\","<html lang=\"en\">\\n\\","<head>\\n\\","<meta charset=\"UTF-8\">\\n\\","<meta name=\"viewport\" content=\"width=device-width, initial-scale=1\">\\n\\","<title>{{env.npm_package_name}} (v{{env.npm_package_version}})</title>\\n\\","<style>\\n\\","/*csslint\\n\\","    box-sizing: false,\\n\\","    universal-selector: false\\n\\","*/\\n\\","* {\\n\\","    box-sizing: border-box;\\n\\","}\\n\\","body {\\n\\","    background: #dde;\\n\\","    font-family: Arial, Helvetica, sans-serif;\\n\\","    margin: 2rem;\\n\\","}\\n\\","body > * {\\n\\","    margin-bottom: 1rem;\\n\\","}\\n\\",".utility2FooterDiv {\\n\\","    margin-top: 20px;\\n\\","    text-align: center;\\n\\","}\\n\\","</style>\\n\\","<style>\\n\\","/*csslint\\n\\","*/\\n\\","textarea {\\n\\","    font-family: monospace;\\n\\","    height: 10rem;\\n\\","    width: 100%;\\n\\","}\\n\\","textarea[readonly] {\\n\\","    background: #ddd;\\n\\","}\\n\\","</style>\\n\\","</head>\\n\\","<body>\\n\\","<!-- utility2-comment\\n\\","<div id=\"ajaxProgressDiv1\" style=\"background: #d00; height: 2px; left: 0; margin: 0; padding: 0; position: fixed; top: 0; transition: background 0.5s, width 1.5s; width: 25%;\"></div>\\n\\","utility2-comment -->\\n\\","<h1>\\n\\","<!-- utility2-comment\\n\\","    <a\\n\\","        {{#if env.npm_package_homepage}}\\n\\","        href=\"{{env.npm_package_homepage}}\"\\n\\","        {{/if env.npm_package_homepage}}\\n\\","        target=\"_blank\"\\n\\","    >\\n\\","utility2-comment -->\\n\\","        {{env.npm_package_name}} (v{{env.npm_package_version}})\\n\\","<!-- utility2-comment\\n\\","    </a>\\n\\","utility2-comment -->\\n\\","</h1>\\n\\","<h3>{{env.npm_package_description}}</h3>\\n\\","<!-- utility2-comment\\n\\","<h4><a download href=\"assets.app.js\">download standalone app</a></h4>\\n\\","<button class=\"onclick onreset\" id=\"testRunButton1\">run internal test</button><br>\\n\\","<div id=\"testReportDiv1\" style=\"display: none;\"></div>\\n\\","utility2-comment -->\\n\\","\\n\\","\\n\\","\\n\\","<label>stderr and stdout</label>\\n\\","<textarea class=\"resettable\" id=\"outputTextareaStdout1\" readonly></textarea>\\n\\","<!-- utility2-comment\\n\\","{{#if isRollup}}\\n\\","<script src=\"assets.app.js\"></script>\\n\\","{{#unless isRollup}}\\n\\","utility2-comment -->\\n\\","<script src=\"assets.utility2.rollup.js\"></script>\\n\\","<script src=\"jsonp.utility2._stateInit?callback=window.utility2._stateInit\"></script>\\n\\","<script src=\"assets.npmtest_website_scraper.rollup.js\"></script>\\n\\","<script src=\"assets.example.js\"></script>\\n\\","<script src=\"assets.test.js\"></script>\\n\\","<!-- utility2-comment\\n\\","{{/if isRollup}}\\n\\","utility2-comment -->\\n\\","<div class=\"utility2FooterDiv\">\\n\\","    [ this app was created with\\n\\","    <a href=\"https://github.com/kaizhu256/node-utility2\" target=\"_blank\">utility2</a>\\n\\","    ]\\n\\","</div>\\n\\","</body>\\n\\","</html>\\n\\","';","        /* jslint-ignore-end */","        if (local.templateRender) {","            local.assetsDict['/'] = local.templateRender(","                local.assetsDict['/assets.index.template.html'],","                {","                    env: local.objectSetDefault(local.env, {","                        npm_package_description: 'the greatest app in the world!',","                        npm_package_name: 'my-app',","                        npm_package_nameAlias: 'my_app',","                        npm_package_version: '0.0.1'","                    })","                }","            );","        } else {","            local.assetsDict['/'] = local.assetsDict['/assets.index.template.html']","                .replace((/\\{\\{env\\.(\\w+?)\\}\\}/g), function (match0, match1) {","                    // jslint-hack","                    String(match0);","                    switch (match1) {","                    case 'npm_package_description':","                        return 'the greatest app in the world!';","                    case 'npm_package_name':","                        return 'my-app';","                    case 'npm_package_nameAlias':","                        return 'my_app';","                    case 'npm_package_version':","                        return '0.0.1';","                    }","                });","        }","        // run the cli","        if (local.global.utility2_rollup || module !== require.main) {","            break;","        }","        local.assetsDict['/assets.example.js'] =","            local.assetsDict['/assets.example.js'] ||","            local.fs.readFileSync(__filename, 'utf8');","        // bug-workaround - long $npm_package_buildCustomOrg","        /* jslint-ignore-begin */","        local.assetsDict['/assets.npmtest_website_scraper.rollup.js'] =","            local.assetsDict['/assets.npmtest_website_scraper.rollup.js'] ||","            local.fs.readFileSync(","                local.npmtest_website_scraper.__dirname + '/lib.npmtest_website_scraper.js',","                'utf8'","            ).replace((/^#!/), '//');","        /* jslint-ignore-end */","        local.assetsDict['/favicon.ico'] = local.assetsDict['/favicon.ico'] || '';","        // if $npm_config_timeout_exit exists,","        // then exit this process after $npm_config_timeout_exit ms","        if (Number(process.env.npm_config_timeout_exit)) {","            setTimeout(process.exit, Number(process.env.npm_config_timeout_exit));","        }","        // start server","        if (local.global.utility2_serverHttp1) {","            break;","        }","        process.env.PORT = process.env.PORT || '8081';","        console.error('server starting on port ' + process.env.PORT);","        local.http.createServer(function (request, response) {","            request.urlParsed = local.url.parse(request.url);","            if (local.assetsDict[request.urlParsed.pathname] !== undefined) {","                response.end(local.assetsDict[request.urlParsed.pathname]);","                return;","            }","            response.statusCode = 404;","            response.end();","        }).listen(process.env.PORT);","        break;","    }","}());",""],"l":{"26":2,"28":2,"33":2,"35":2,"37":2,"38":2,"39":2,"44":1,"51":2,"55":2,"59":2,"61":2,"69":1,"70":2,"76":2,"79":2,"82":2,"83":2,"85":1,"89":2,"92":1,"93":1,"94":1,"96":1,"97":1,"100":1,"101":1,"103":1,"106":1,"108":2,"114":1,"116":1,"118":1,"123":1,"124":2,"125":2,"126":3,"127":3,"128":3,"129":3,"130":1,"133":3,"134":3,"139":3,"143":1,"144":3,"145":1,"149":1,"150":1,"158":1,"160":1,"161":1,"162":1,"164":1,"166":1,"258":1,"259":1,"271":1,"274":6,"275":6,"277":1,"279":2,"281":1,"283":2,"288":1,"289":1,"291":1,"296":1,"303":1,"306":1,"307":1,"310":1,"311":1,"313":1,"314":1,"315":1,"316":1,"317":1,"318":1,"319":1,"321":1,"322":1,"324":1}},"/home/travis/build/npmtest/node-npmtest-website-scraper/node_modules/website-scraper/index.js":{"path":"/home/travis/build/npmtest/node-npmtest-website-scraper/node_modules/website-scraper/index.js","s":{"1":1,"2":1,"3":1,"4":0,"5":0,"6":1},"b":{},"f":{},"fnMap":{},"statementMap":{"1":{"start":{"line":3,"column":0},"end":{"line":3,"column":36}},"2":{"start":{"line":4,"column":0},"end":{"line":4,"column":44}},"3":{"start":{"line":6,"column":0},"end":{"line":10,"column":2}},"4":{"start":{"line":7,"column":1},"end":{"line":9,"column":4}},"5":{"start":{"line":8,"column":2},"end":{"line":8,"column":47}},"6":{"start":{"line":12,"column":0},"end":{"line":12,"column":43}}},"branchMap":{},"code":["'use strict';","","const Promise = require('bluebird');","const Scraper = require('./lib/scraper.js');","","module.exports = (options, callback) => {","\treturn Promise.try(() => {","\t\treturn new Scraper(options).scrape(callback);","\t});","};","","module.exports.defaults = Scraper.defaults;",""],"l":{"3":1,"4":1,"6":1,"7":0,"8":0,"12":1}},"/home/travis/build/npmtest/node-npmtest-website-scraper/node_modules/website-scraper/lib/scraper.js":{"path":"/home/travis/build/npmtest/node-npmtest-website-scraper/node_modules/website-scraper/lib/scraper.js","s":{"1":1,"2":1,"3":1,"4":1,"5":1,"6":1,"7":1,"8":1,"9":1,"10":1,"11":1,"12":1,"13":1,"14":0,"15":0,"16":0,"17":0,"18":0,"19":0,"20":0,"21":0,"22":0,"23":0,"24":0,"25":0,"26":0,"27":0,"28":0,"29":0,"30":0,"31":0,"32":0,"33":0,"34":0,"35":1,"36":0,"37":0,"38":0,"39":0,"40":0,"41":1,"42":0,"43":0,"44":0,"45":0,"46":0,"47":0,"48":0,"49":0,"50":0,"51":0,"52":1,"53":0,"54":0,"55":0,"56":0,"57":0,"58":0,"59":0,"60":0,"61":0,"62":0,"63":0,"64":0,"65":0,"66":0,"67":0,"68":0,"69":0,"70":0,"71":0,"72":0,"73":0,"74":0,"75":0,"76":0,"77":0,"78":1,"79":0,"80":0,"81":0,"82":0,"83":0,"84":0,"85":0,"86":0,"87":0,"88":0,"89":0,"90":1,"91":0,"92":1,"93":0,"94":0,"95":0,"96":0,"97":0,"98":0,"99":0,"100":1,"101":0,"102":0,"103":0,"104":0,"105":0,"106":0,"107":1,"108":0,"109":0,"110":0,"111":1,"112":0,"113":1,"114":1},"b":{"1":[0,0],"2":[0,0],"3":[0,0],"4":[0,0],"5":[0,0],"6":[0,0],"7":[0,0],"8":[0,0],"9":[0,0],"10":[0,0],"11":[0,0],"12":[0,0],"13":[0,0],"14":[0,0],"15":[0,0],"16":[0,0],"17":[0,0],"18":[0,0],"19":[0,0],"20":[0,0],"21":[0,0],"22":[0,0],"23":[0,0],"24":[0,0]},"f":{"1":0,"2":0,"3":0,"4":0,"5":0,"6":0,"7":0,"8":0,"9":0,"10":0,"11":0,"12":0,"13":0,"14":0,"15":0,"16":0,"17":0},"fnMap":{"1":{"name":"Scraper","line":19,"loc":{"start":{"line":19,"column":0},"end":{"line":19,"column":27}}},"2":{"name":"loadResource","line":54,"loc":{"start":{"line":54,"column":33},"end":{"line":54,"column":66}}},"3":{"name":"saveResource","line":65,"loc":{"start":{"line":65,"column":33},"end":{"line":65,"column":66}}},"4":{"name":"handleResource","line":70,"loc":{"start":{"line":70,"column":8},"end":{"line":70,"column":35}}},"5":{"name":"fileHandled","line":72,"loc":{"start":{"line":72,"column":10},"end":{"line":72,"column":34}}},"6":{"name":"afterResourceSaved","line":75,"loc":{"start":{"line":75,"column":10},"end":{"line":75,"column":41}}},"7":{"name":"handleError","line":79,"loc":{"start":{"line":79,"column":11},"end":{"line":79,"column":38}}},"8":{"name":"createNewRequest","line":85,"loc":{"start":{"line":85,"column":37},"end":{"line":85,"column":74}}},"9":{"name":"makeRequest","line":90,"loc":{"start":{"line":90,"column":8},"end":{"line":90,"column":32}}},"10":{"name":"requestCompleted","line":93,"loc":{"start":{"line":93,"column":10},"end":{"line":93,"column":51}}},"11":{"name":"handleError","line":123,"loc":{"start":{"line":123,"column":11},"end":{"line":123,"column":38}}},"12":{"name":"requestResource","line":132,"loc":{"start":{"line":132,"column":36},"end":{"line":132,"column":72}}},"13":{"name":"load","line":153,"loc":{"start":{"line":153,"column":25},"end":{"line":153,"column":42}}},"14":{"name":"waitForLoad","line":162,"loc":{"start":{"line":162,"column":32},"end":{"line":162,"column":56}}},"15":{"name":"handleError","line":175,"loc":{"start":{"line":175,"column":32},"end":{"line":175,"column":69}}},"16":{"name":"errorCleanup","line":186,"loc":{"start":{"line":186,"column":33},"end":{"line":186,"column":63}}},"17":{"name":"scrape","line":193,"loc":{"start":{"line":193,"column":27},"end":{"line":193,"column":54}}}},"statementMap":{"1":{"start":{"line":3,"column":0},"end":{"line":3,"column":36}},"2":{"start":{"line":4,"column":0},"end":{"line":4,"column":28}},"3":{"start":{"line":6,"column":0},"end":{"line":6,"column":35}},"4":{"start":{"line":8,"column":0},"end":{"line":8,"column":46}},"5":{"start":{"line":9,"column":0},"end":{"line":9,"column":63}},"6":{"start":{"line":10,"column":0},"end":{"line":10,"column":39}},"7":{"start":{"line":12,"column":0},"end":{"line":12,"column":58}},"8":{"start":{"line":13,"column":0},"end":{"line":13,"column":37}},"9":{"start":{"line":14,"column":0},"end":{"line":14,"column":54}},"10":{"start":{"line":15,"column":0},"end":{"line":15,"column":50}},"11":{"start":{"line":16,"column":0},"end":{"line":16,"column":29}},"12":{"start":{"line":17,"column":0},"end":{"line":17,"column":63}},"13":{"start":{"line":19,"column":0},"end":{"line":52,"column":1}},"14":{"start":{"line":20,"column":1},"end":{"line":20,"column":19}},"15":{"start":{"line":22,"column":1},"end":{"line":22,"column":44}},"16":{"start":{"line":23,"column":1},"end":{"line":23,"column":68}},"17":{"start":{"line":24,"column":1},"end":{"line":24,"column":96}},"18":{"start":{"line":26,"column":1},"end":{"line":30,"column":2}},"19":{"start":{"line":27,"column":2},"end":{"line":29,"column":5}},"20":{"start":{"line":28,"column":3},"end":{"line":28,"column":75}},"21":{"start":{"line":28,"column":56},"end":{"line":28,"column":73}},"22":{"start":{"line":32,"column":1},"end":{"line":34,"column":2}},"23":{"start":{"line":33,"column":2},"end":{"line":33,"column":73}},"24":{"start":{"line":36,"column":1},"end":{"line":36,"column":48}},"25":{"start":{"line":38,"column":1},"end":{"line":38,"column":42}},"26":{"start":{"line":39,"column":1},"end":{"line":39,"column":64}},"27":{"start":{"line":40,"column":1},"end":{"line":40,"column":62}},"28":{"start":{"line":41,"column":1},"end":{"line":41,"column":139}},"29":{"start":{"line":44,"column":1},"end":{"line":48,"column":4}},"30":{"start":{"line":45,"column":2},"end":{"line":45,"column":47}},"31":{"start":{"line":46,"column":2},"end":{"line":46,"column":87}},"32":{"start":{"line":47,"column":2},"end":{"line":47,"column":37}},"33":{"start":{"line":50,"column":1},"end":{"line":50,"column":57}},"34":{"start":{"line":51,"column":1},"end":{"line":51,"column":47}},"35":{"start":{"line":54,"column":0},"end":{"line":63,"column":2}},"36":{"start":{"line":55,"column":1},"end":{"line":55,"column":31}},"37":{"start":{"line":57,"column":1},"end":{"line":62,"column":2}},"38":{"start":{"line":58,"column":2},"end":{"line":58,"column":56}},"39":{"start":{"line":60,"column":2},"end":{"line":60,"column":50}},"40":{"start":{"line":61,"column":2},"end":{"line":61,"column":42}},"41":{"start":{"line":65,"column":0},"end":{"line":83,"column":2}},"42":{"start":{"line":66,"column":1},"end":{"line":66,"column":19}},"43":{"start":{"line":67,"column":1},"end":{"line":67,"column":21}},"44":{"start":{"line":69,"column":1},"end":{"line":82,"column":5}},"45":{"start":{"line":71,"column":3},"end":{"line":71,"column":56}},"46":{"start":{"line":73,"column":3},"end":{"line":73,"column":57}},"47":{"start":{"line":74,"column":3},"end":{"line":74,"column":52}},"48":{"start":{"line":76,"column":3},"end":{"line":78,"column":4}},"49":{"start":{"line":77,"column":4},"end":{"line":77,"column":43}},"50":{"start":{"line":80,"column":3},"end":{"line":80,"column":54}},"51":{"start":{"line":81,"column":3},"end":{"line":81,"column":42}},"52":{"start":{"line":85,"column":0},"end":{"line":130,"column":2}},"53":{"start":{"line":86,"column":1},"end":{"line":86,"column":19}},"54":{"start":{"line":87,"column":1},"end":{"line":87,"column":31}},"55":{"start":{"line":89,"column":1},"end":{"line":126,"column":5}},"56":{"start":{"line":91,"column":3},"end":{"line":91,"column":69}},"57":{"start":{"line":92,"column":3},"end":{"line":92,"column":41}},"58":{"start":{"line":95,"column":3},"end":{"line":104,"column":4}},"59":{"start":{"line":96,"column":4},"end":{"line":96,"column":86}},"60":{"start":{"line":98,"column":4},"end":{"line":100,"column":5}},"61":{"start":{"line":99,"column":5},"end":{"line":99,"column":65}},"62":{"start":{"line":102,"column":4},"end":{"line":102,"column":38}},"63":{"start":{"line":103,"column":4},"end":{"line":103,"column":73}},"64":{"start":{"line":106,"column":3},"end":{"line":106,"column":60}},"65":{"start":{"line":108,"column":3},"end":{"line":108,"column":70}},"66":{"start":{"line":109,"column":3},"end":{"line":109,"column":34}},"67":{"start":{"line":112,"column":3},"end":{"line":114,"column":4}},"68":{"start":{"line":113,"column":4},"end":{"line":113,"column":52}},"69":{"start":{"line":116,"column":3},"end":{"line":118,"column":4}},"70":{"start":{"line":117,"column":4},"end":{"line":117,"column":48}},"71":{"start":{"line":120,"column":3},"end":{"line":120,"column":39}},"72":{"start":{"line":121,"column":3},"end":{"line":121,"column":31}},"73":{"start":{"line":122,"column":3},"end":{"line":122,"column":19}},"74":{"start":{"line":124,"column":3},"end":{"line":124,"column":57}},"75":{"start":{"line":125,"column":3},"end":{"line":125,"column":42}},"76":{"start":{"line":128,"column":1},"end":{"line":128,"column":57}},"77":{"start":{"line":129,"column":1},"end":{"line":129,"column":23}},"78":{"start":{"line":132,"column":0},"end":{"line":151,"column":2}},"79":{"start":{"line":133,"column":1},"end":{"line":133,"column":31}},"80":{"start":{"line":135,"column":1},"end":{"line":138,"column":2}},"81":{"start":{"line":136,"column":2},"end":{"line":136,"column":63}},"82":{"start":{"line":137,"column":2},"end":{"line":137,"column":31}},"83":{"start":{"line":140,"column":1},"end":{"line":143,"column":2}},"84":{"start":{"line":141,"column":2},"end":{"line":141,"column":58}},"85":{"start":{"line":142,"column":2},"end":{"line":142,"column":31}},"86":{"start":{"line":145,"column":1},"end":{"line":148,"column":2}},"87":{"start":{"line":146,"column":2},"end":{"line":146,"column":59}},"88":{"start":{"line":147,"column":2},"end":{"line":147,"column":49}},"89":{"start":{"line":150,"column":1},"end":{"line":150,"column":40}},"90":{"start":{"line":153,"column":0},"end":{"line":157,"column":2}},"91":{"start":{"line":154,"column":1},"end":{"line":156,"column":37}},"92":{"start":{"line":162,"column":0},"end":{"line":173,"column":2}},"93":{"start":{"line":163,"column":1},"end":{"line":163,"column":95}},"94":{"start":{"line":163,"column":81},"end":{"line":163,"column":93}},"95":{"start":{"line":164,"column":1},"end":{"line":164,"column":54}},"96":{"start":{"line":166,"column":1},"end":{"line":170,"column":2}},"97":{"start":{"line":167,"column":2},"end":{"line":169,"column":38}},"98":{"start":{"line":171,"column":1},"end":{"line":171,"column":53}},"99":{"start":{"line":172,"column":1},"end":{"line":172,"column":40}},"100":{"start":{"line":175,"column":0},"end":{"line":184,"column":2}},"101":{"start":{"line":176,"column":1},"end":{"line":178,"column":2}},"102":{"start":{"line":177,"column":2},"end":{"line":177,"column":46}},"103":{"start":{"line":179,"column":1},"end":{"line":182,"column":2}},"104":{"start":{"line":180,"column":2},"end":{"line":180,"column":48}},"105":{"start":{"line":181,"column":2},"end":{"line":181,"column":31}},"106":{"start":{"line":183,"column":1},"end":{"line":183,"column":28}},"107":{"start":{"line":186,"column":0},"end":{"line":191,"column":2}},"108":{"start":{"line":187,"column":1},"end":{"line":187,"column":56}},"109":{"start":{"line":188,"column":1},"end":{"line":190,"column":4}},"110":{"start":{"line":189,"column":2},"end":{"line":189,"column":31}},"111":{"start":{"line":193,"column":0},"end":{"line":198,"column":2}},"112":{"start":{"line":194,"column":1},"end":{"line":197,"column":24}},"113":{"start":{"line":200,"column":0},"end":{"line":200,"column":37}},"114":{"start":{"line":202,"column":0},"end":{"line":202,"column":25}}},"branchMap":{"1":{"line":24,"type":"cond-expr","locations":[{"start":{"line":24,"column":56},"end":{"line":24,"column":73}},{"start":{"line":24,"column":76},"end":{"line":24,"column":95}}]},"2":{"line":26,"type":"if","locations":[{"start":{"line":26,"column":1},"end":{"line":26,"column":1}},{"start":{"line":26,"column":1},"end":{"line":26,"column":1}}]},"3":{"line":32,"type":"if","locations":[{"start":{"line":32,"column":1},"end":{"line":32,"column":1}},{"start":{"line":32,"column":1},"end":{"line":32,"column":1}}]},"4":{"line":41,"type":"cond-expr","locations":[{"start":{"line":41,"column":51},"end":{"line":41,"column":104}},{"start":{"line":41,"column":107},"end":{"line":41,"column":138}}]},"5":{"line":45,"type":"cond-expr","locations":[{"start":{"line":45,"column":33},"end":{"line":45,"column":40}},{"start":{"line":45,"column":43},"end":{"line":45,"column":46}}]},"6":{"line":45,"type":"binary-expr","locations":[{"start":{"line":45,"column":15},"end":{"line":45,"column":18}},{"start":{"line":45,"column":22},"end":{"line":45,"column":29}}]},"7":{"line":46,"type":"cond-expr","locations":[{"start":{"line":46,"column":43},"end":{"line":46,"column":55}},{"start":{"line":46,"column":58},"end":{"line":46,"column":86}}]},"8":{"line":46,"type":"binary-expr","locations":[{"start":{"line":46,"column":20},"end":{"line":46,"column":23}},{"start":{"line":46,"column":27},"end":{"line":46,"column":39}}]},"9":{"line":57,"type":"if","locations":[{"start":{"line":57,"column":1},"end":{"line":57,"column":1}},{"start":{"line":57,"column":1},"end":{"line":57,"column":1}}]},"10":{"line":76,"type":"if","locations":[{"start":{"line":76,"column":3},"end":{"line":76,"column":3}},{"start":{"line":76,"column":3},"end":{"line":76,"column":3}}]},"11":{"line":91,"type":"cond-expr","locations":[{"start":{"line":91,"column":37},"end":{"line":91,"column":61}},{"start":{"line":91,"column":64},"end":{"line":91,"column":68}}]},"12":{"line":95,"type":"if","locations":[{"start":{"line":95,"column":3},"end":{"line":95,"column":3}},{"start":{"line":95,"column":3},"end":{"line":95,"column":3}}]},"13":{"line":98,"type":"if","locations":[{"start":{"line":98,"column":4},"end":{"line":98,"column":4}},{"start":{"line":98,"column":4},"end":{"line":98,"column":4}}]},"14":{"line":112,"type":"if","locations":[{"start":{"line":112,"column":3},"end":{"line":112,"column":3}},{"start":{"line":112,"column":3},"end":{"line":112,"column":3}}]},"15":{"line":116,"type":"if","locations":[{"start":{"line":116,"column":3},"end":{"line":116,"column":3}},{"start":{"line":116,"column":3},"end":{"line":116,"column":3}}]},"16":{"line":135,"type":"if","locations":[{"start":{"line":135,"column":1},"end":{"line":135,"column":1}},{"start":{"line":135,"column":1},"end":{"line":135,"column":1}}]},"17":{"line":135,"type":"binary-expr","locations":[{"start":{"line":135,"column":5},"end":{"line":135,"column":27}},{"start":{"line":135,"column":31},"end":{"line":135,"column":59}}]},"18":{"line":140,"type":"if","locations":[{"start":{"line":140,"column":1},"end":{"line":140,"column":1}},{"start":{"line":140,"column":1},"end":{"line":140,"column":1}}]},"19":{"line":140,"type":"binary-expr","locations":[{"start":{"line":140,"column":5},"end":{"line":140,"column":26}},{"start":{"line":140,"column":30},"end":{"line":140,"column":73}}]},"20":{"line":145,"type":"if","locations":[{"start":{"line":145,"column":1},"end":{"line":145,"column":1}},{"start":{"line":145,"column":1},"end":{"line":145,"column":1}}]},"21":{"line":166,"type":"if","locations":[{"start":{"line":166,"column":1},"end":{"line":166,"column":1}},{"start":{"line":166,"column":1},"end":{"line":166,"column":1}}]},"22":{"line":176,"type":"if","locations":[{"start":{"line":176,"column":1},"end":{"line":176,"column":1}},{"start":{"line":176,"column":1},"end":{"line":176,"column":1}}]},"23":{"line":176,"type":"binary-expr","locations":[{"start":{"line":176,"column":5},"end":{"line":176,"column":13}},{"start":{"line":176,"column":17},"end":{"line":176,"column":45}}]},"24":{"line":179,"type":"if","locations":[{"start":{"line":179,"column":1},"end":{"line":179,"column":1}},{"start":{"line":179,"column":1},"end":{"line":179,"column":1}}]}},"code":["'use strict';","","const Promise = require('bluebird');","const _ = require('lodash');","","const logger = require('./logger');","","const defaults = require('./config/defaults');","const recursiveSources = require('./config/recursive-sources');","const Resource = require('./resource');","","const FilenameGenerator = require('./filename-generator');","const Request = require('./request');","const ResourceHandler = require('./resource-handler');","const ResourceSaver = require('./resource-saver');","const u = require('./utils');","const NormalizedUrlMap = require('./utils/normalized-url-map');","","function Scraper (options) {","\tconst self = this;","","\tself.options = u.extend(defaults, options);","\tself.options.request = u.extend(defaults.request, options.request);","\tself.options.urls = Array.isArray(self.options.urls) ? self.options.urls : [self.options.urls];","","\tif (self.options.subdirectories) {","\t\tself.options.subdirectories.forEach((element) => {","\t\t\telement.extensions = element.extensions.map((ext) => ext.toLowerCase());","\t\t});","\t}","","\tif (self.options.recursive) {","\t\tself.options.sources = _.union(self.options.sources, recursiveSources);","\t}","","\tlogger.info('init with options', self.options);","","\tself.request = new Request(self.options);","\tself.resourceHandler = new ResourceHandler(self.options, self);","\tself.filenameGenerator = new FilenameGenerator(self.options);","\tself.resourceSaver = self.options.resourceSaver ? new self.options.resourceSaver(u.clone(self.options)) : new ResourceSaver(self.options);","","\t// Array of Resources for downloading","\tself.resources = self.options.urls.map((obj) => {","\t\tconst url = (obj && obj.url) ? obj.url : obj;","\t\tconst filename = (obj && obj.filename) ? obj.filename : self.options.defaultFilename;","\t\treturn new Resource(url, filename);","\t});","","\tself.requestedResourcePromises = new NormalizedUrlMap(); // Map url -> request promise","\tself.loadedResources = new NormalizedUrlMap(); // Map url -> resource","}","","Scraper.prototype.loadResource = function loadResource (resource) {","\tconst url = resource.getUrl();","","\tif (this.loadedResources.has(url)) {","\t\tlogger.debug('found loaded resource for ' + resource);","\t} else {","\t\tlogger.debug('add loaded resource ' + resource);","\t\tthis.loadedResources.set(url, resource);","\t}","};","","Scraper.prototype.saveResource = function saveResource (resource) {","\tconst self = this;","\tresource.setSaved();","","\treturn Promise.resolve()","\t\t.then(function handleResource () {","\t\t\treturn self.resourceHandler.handleResource(resource);","\t\t}).then(function fileHandled () {","\t\t\tlogger.info('saving resource ' + resource + ' to fs');","\t\t\treturn self.resourceSaver.saveResource(resource);","\t\t}).then(function afterResourceSaved () {","\t\t\tif (self.options.onResourceSaved) {","\t\t\t\tself.options.onResourceSaved(resource);","\t\t\t}","\t\t}).catch(function handleError (err) {","\t\t\tlogger.warn('failed to save resource ' + resource);","\t\t\treturn self.handleError(err, resource);","\t\t});","};","","Scraper.prototype.createNewRequest = function createNewRequest (resource) {","\tconst self = this;","\tconst url = resource.getUrl();","","\tconst requestPromise = Promise.resolve()","\t\t.then(function makeRequest () {","\t\t\tconst referer = resource.parent ? resource.parent.getUrl() : null;","\t\t\treturn self.request.get(url, referer);","\t\t}).then(function requestCompleted (responseData) {","","\t\t\tif (!u.urlsEqual(responseData.url, url)) { // Url may be changed in redirects","\t\t\t\tlogger.debug('url changed. old url = ' + url + ', new url = ' + responseData.url);","","\t\t\t\tif (self.requestedResourcePromises.has(responseData.url)) {","\t\t\t\t\treturn self.requestedResourcePromises.get(responseData.url);","\t\t\t\t}","","\t\t\t\tresource.setUrl(responseData.url);","\t\t\t\tself.requestedResourcePromises.set(responseData.url, requestPromise);","\t\t\t}","","\t\t\tresource.setType(u.getTypeByMime(responseData.mimeType));","","\t\t\tconst filename = self.filenameGenerator.generateFilename(resource);","\t\t\tresource.setFilename(filename);","","\t\t\t// if type was not determined by mime we can try to get it from filename after it was generated","\t\t\tif (!resource.getType()) {","\t\t\t\tresource.setType(u.getTypeByFilename(filename));","\t\t\t}","","\t\t\tif (responseData.metadata) {","\t\t\t\tresource.setMetadata(responseData.metadata);","\t\t\t}","","\t\t\tresource.setText(responseData.body);","\t\t\tself.loadResource(resource); // Add resource to list for future downloading, see Scraper.waitForLoad","\t\t\treturn resource;","\t\t}).catch(function handleError (err) {","\t\t\tlogger.warn('failed to request resource ' + resource);","\t\t\treturn self.handleError(err, resource);","\t\t});","","\tself.requestedResourcePromises.set(url, requestPromise);","\treturn requestPromise;","};","","Scraper.prototype.requestResource = function requestResource (resource) {","\tconst url = resource.getUrl();","","\tif (this.options.urlFilter && !this.options.urlFilter(url)) {","\t\tlogger.debug('filtering out ' + resource + ' by url filter');","\t\treturn Promise.resolve(null);","\t}","","\tif (this.options.maxDepth && resource.getDepth() > this.options.maxDepth) {","\t\tlogger.debug('filtering out ' + resource + ' by depth');","\t\treturn Promise.resolve(null);","\t}","","\tif (this.requestedResourcePromises.has(url)) {","\t\tlogger.debug('found requested resource for ' + resource);","\t\treturn this.requestedResourcePromises.get(url);","\t}","","\treturn this.createNewRequest(resource);","};","","Scraper.prototype.load = function load () {","\treturn Promise","\t\t.map(this.resources, this.requestResource.bind(this))","\t\t.then(this.waitForLoad.bind(this));","};","","// Returns a promise which gets resolved when all resources are loaded.","// 1. Get all not saved resources and save them","// 2. Recursion if any new not saved resource were added during this time. If not, loading is done.","Scraper.prototype.waitForLoad = function waitForLoad () {","\tconst resourcesToSave = Array.from(this.loadedResources.values()).filter((r) => !r.isSaved());","\tconst loadingIsFinished = _.isEmpty(resourcesToSave);","","\tif (!loadingIsFinished) {","\t\treturn Promise","\t\t\t.mapSeries(resourcesToSave, this.saveResource.bind(this))","\t\t\t.then(this.waitForLoad.bind(this));","\t}","\tlogger.info('downloading is finished successfully');","\treturn Promise.resolve(this.resources);","};","","Scraper.prototype.handleError = function handleError (err, resource) {","\tif (resource && this.options.onResourceError) {","\t\tthis.options.onResourceError(resource, err);","\t}","\tif (this.options.ignoreErrors) {","\t\tlogger.warn('ignoring error: ' + err.message);","\t\treturn Promise.resolve(null);","\t}","\treturn Promise.reject(err);","};","","Scraper.prototype.errorCleanup = function errorCleanup (error) {","\tlogger.error('finishing with error: ' + error.message);","\treturn this.resourceSaver.errorCleanup(error).then(() => {","\t\treturn Promise.reject(error);","\t});","};","","Scraper.prototype.scrape = function scrape (callback) {","\treturn Promise.bind(this)","\t\t.then(this.load)","\t\t.catch(this.errorCleanup)","\t\t.asCallback(callback);","};","","Scraper.defaults = u.clone(defaults);","","module.exports = Scraper;",""],"l":{"3":1,"4":1,"6":1,"8":1,"9":1,"10":1,"12":1,"13":1,"14":1,"15":1,"16":1,"17":1,"19":1,"20":0,"22":0,"23":0,"24":0,"26":0,"27":0,"28":0,"32":0,"33":0,"36":0,"38":0,"39":0,"40":0,"41":0,"44":0,"45":0,"46":0,"47":0,"50":0,"51":0,"54":1,"55":0,"57":0,"58":0,"60":0,"61":0,"65":1,"66":0,"67":0,"69":0,"71":0,"73":0,"74":0,"76":0,"77":0,"80":0,"81":0,"85":1,"86":0,"87":0,"89":0,"91":0,"92":0,"95":0,"96":0,"98":0,"99":0,"102":0,"103":0,"106":0,"108":0,"109":0,"112":0,"113":0,"116":0,"117":0,"120":0,"121":0,"122":0,"124":0,"125":0,"128":0,"129":0,"132":1,"133":0,"135":0,"136":0,"137":0,"140":0,"141":0,"142":0,"145":0,"146":0,"147":0,"150":0,"153":1,"154":0,"162":1,"163":0,"164":0,"166":0,"167":0,"171":0,"172":0,"175":1,"176":0,"177":0,"179":0,"180":0,"181":0,"183":0,"186":1,"187":0,"188":0,"189":0,"193":1,"194":0,"200":1,"202":1}},"/home/travis/build/npmtest/node-npmtest-website-scraper/node_modules/website-scraper/lib/logger.js":{"path":"/home/travis/build/npmtest/node-npmtest-website-scraper/node_modules/website-scraper/lib/logger.js","s":{"1":1,"2":1,"3":1,"4":5,"5":1,"6":1,"7":1,"8":5,"9":1},"b":{},"f":{"1":5,"2":5},"fnMap":{"1":{"name":"getLoggerName","line":4,"loc":{"start":{"line":4,"column":0},"end":{"line":4,"column":43}}},"2":{"name":"createLogForLevel","line":11,"loc":{"start":{"line":11,"column":18},"end":{"line":11,"column":56}}}},"statementMap":{"1":{"start":{"line":1,"column":0},"end":{"line":1,"column":29}},"2":{"start":{"line":2,"column":0},"end":{"line":2,"column":32}},"3":{"start":{"line":4,"column":0},"end":{"line":6,"column":1}},"4":{"start":{"line":5,"column":1},"end":{"line":5,"column":33}},"5":{"start":{"line":8,"column":0},"end":{"line":8,"column":58}},"6":{"start":{"line":10,"column":0},"end":{"line":10,"column":16}},"7":{"start":{"line":11,"column":0},"end":{"line":13,"column":3}},"8":{"start":{"line":12,"column":1},"end":{"line":12,"column":60}},"9":{"start":{"line":15,"column":0},"end":{"line":15,"column":24}}},"branchMap":{},"code":["var debug = require('debug');","var appName = 'website-scraper';","","function getLoggerName (appName, logLevel) {","\treturn appName + ':' + logLevel;","}","","var logLevels = ['error', 'warn', 'info', 'debug', 'log'];","","var logger = {};","logLevels.forEach(function createLogForLevel (logLevel) {","\tlogger[logLevel] = debug(getLoggerName(appName, logLevel));","});","","module.exports = logger;",""],"l":{"1":1,"2":1,"4":1,"5":5,"8":1,"10":1,"11":1,"12":5,"15":1}},"/home/travis/build/npmtest/node-npmtest-website-scraper/node_modules/website-scraper/lib/config/defaults.js":{"path":"/home/travis/build/npmtest/node-npmtest-website-scraper/node_modules/website-scraper/lib/config/defaults.js","s":{"1":1,"2":1},"b":{},"f":{},"fnMap":{},"statementMap":{"1":{"start":{"line":2,"column":0},"end":{"line":57,"column":2}},"2":{"start":{"line":59,"column":0},"end":{"line":59,"column":24}}},"branchMap":{},"code":["'use strict';","const config = {","\tfilenameGenerator: 'byType',","\tdefaultFilename: 'index.html',","\tprettifyUrls: false,","\tsources: [","\t\t{ selector: 'style' },","\t\t{ selector: '[style]', attr: 'style' },","\t\t{ selector: 'img', attr: 'src' },","\t\t{ selector: 'img', attr: 'srcset' },","\t\t{ selector: 'input', attr: 'src' },","\t\t{ selector: 'object', attr: 'data' },","\t\t{ selector: 'embed', attr: 'src' },","\t\t{ selector: 'param[name=\"movie\"]', attr: 'value' },","\t\t{ selector: 'script', attr: 'src' },","\t\t{ selector: 'link[rel=\"stylesheet\"]', attr: 'href' },","\t\t{ selector: 'link[rel*=\"icon\"]', attr: 'href' },","\t\t{ selector: 'svg *[xlink\\\\:href]', attr: 'xlink:href' },","\t\t{ selector: 'svg *[href]', attr: 'href' },","\t\t{ selector: 'picture source', attr: 'srcset' },","\t\t{ selector: 'meta[property=\"og\\\\:image\"]', attr: 'content' },","\t\t{ selector: 'meta[property=\"og\\\\:image\\\\:url\"]', attr: 'content' },","\t\t{ selector: 'meta[property=\"og\\\\:image\\\\:secure_url\"]', attr: 'content' },","\t\t{ selector: 'meta[property=\"og\\\\:audio\"]', attr: 'content' },","\t\t{ selector: 'meta[property=\"og\\\\:audio\\\\:url\"]', attr: 'content' },","\t\t{ selector: 'meta[property=\"og\\\\:audio\\\\:secure_url\"]', attr: 'content' },","\t\t{ selector: 'meta[property=\"og\\\\:video\"]', attr: 'content' },","\t\t{ selector: 'meta[property=\"og\\\\:video\\\\:url\"]', attr: 'content' },","\t\t{ selector: 'meta[property=\"og\\\\:video\\\\:secure_url\"]', attr: 'content' },","\t\t{ selector: 'video', attr: 'src' },","\t\t{ selector: 'video source', attr: 'src' },","\t\t{ selector: 'video track', attr: 'src' },","\t\t{ selector: 'audio', attr: 'src' },","\t\t{ selector: 'audio source', attr: 'src' },","\t\t{ selector: 'audio track', attr: 'src' }","\t],","\tsubdirectories: [","\t\t{ directory: 'images', extensions: ['.png', '.jpg', '.jpeg', '.gif', '.webp'] },","\t\t{ directory: 'js', extensions: ['.js'] },","\t\t{ directory: 'css', extensions: ['.css'] },","\t\t{ directory: 'fonts', extensions: ['.ttf', '.woff', '.woff2', '.eot', '.svg'] }","\t],","\trequest: {","\t\tencoding: 'binary',","\t\tstrictSSL: false,","\t\tjar: true,","\t\tgzip: true","\t},","\turlFilter: null,","\trecursive: false,","\tmaxDepth: null,","\tignoreErrors: true,","\thttpResponseHandler: null,","\tonResourceSaved: null,","\tonResourceError: null,","\tresourceSaver: null","};","","module.exports = config;",""],"l":{"2":1,"59":1}},"/home/travis/build/npmtest/node-npmtest-website-scraper/node_modules/website-scraper/lib/config/recursive-sources.js":{"path":"/home/travis/build/npmtest/node-npmtest-website-scraper/node_modules/website-scraper/lib/config/recursive-sources.js","s":{"1":1},"b":{},"f":{},"fnMap":{},"statementMap":{"1":{"start":{"line":1,"column":0},"end":{"line":3,"column":2}}},"branchMap":{},"code":["module.exports = [","\t{ selector: 'a', attr: 'href' }","];",""],"l":{"1":1}},"/home/travis/build/npmtest/node-npmtest-website-scraper/node_modules/website-scraper/lib/resource.js":{"path":"/home/travis/build/npmtest/node-npmtest-website-scraper/node_modules/website-scraper/lib/resource.js","s":{"1":1,"2"
[...]
"2":0,"3":0,"4":0,"5":0},"fnMap":{"1":{"name":"HtmlImgSrcSetTag","line":4,"loc":{"start":{"line":4,"column":0},"end":{"line":4,"column":33}}},"2":{"name":"getPath","line":7,"loc":{"start":{"line":7,"column":38},"end":{"line":7,"column":67}}},"3":{"name":"getPaths","line":12,"loc":{"start":{"line":12,"column":38},"end":{"line":12,"column":59}}},"4":{"name":"updateText","line":16,"loc":{"start":{"line":16,"column":40},"end":{"line":16,"column":76}}},"5":{"name":"updatePath","line":18,"loc":{"start":{"line":18,"column":23},"end":{"line":18,"column":50}}}},"statementMap":{"1":{"start":{"line":1,"column":0},"end":{"line":1,"column":31}},"2":{"start":{"line":2,"column":0},"end":{"line":2,"column":26}},"3":{"start":{"line":4,"column":0},"end":{"line":10,"column":1}},"4":{"start":{"line":5,"column":1},"end":{"line":5,"column":24}},"5":{"start":{"line":6,"column":1},"end":{"line":6,"column":47}},"6":{"start":{"line":7,"column":1},"end":{"line":9,"column":4}},"7":{"start":{"line":8,"column":2},"end":{"line":8,"column":23}},"8":{"start":{"line":12,"column":0},"end":{"line":14,"column":2}},"9":{"start":{"line":13,"column":1},"end":{"line":13,"column":19}},"10":{"start":{"line":16,"column":0},"end":{"line":25,"column":2}},"11":{"start":{"line":17,"column":1},"end":{"line":17,"column":42}},"12":{"start":{"line":18,"column":1},"end":{"line":23,"column":4}},"13":{"start":{"line":19,"column":2},"end":{"line":19,"column":67}},"14":{"start":{"line":20,"column":2},"end":{"line":22,"column":5}},"15":{"start":{"line":21,"column":3},"end":{"line":21,"column":34}},"16":{"start":{"line":24,"column":1},"end":{"line":24,"column":41}},"17":{"start":{"line":27,"column":0},"end":{"line":27,"column":34}}},"branchMap":{"1":{"line":5,"type":"binary-expr","locations":[{"start":{"line":5,"column":13},"end":{"line":5,"column":17}},{"start":{"line":5,"column":21},"end":{"line":5,"column":23}}]}},"code":["var srcset = require('srcset');","var _ = require('lodash');","","function HtmlImgSrcSetTag (text) {","\tthis.text = text || '';","\tthis.imgSrcsetParts = srcset.parse(this.text);","\tthis.paths = this.imgSrcsetParts.map(function getPath (imgSrcset) {","\t\treturn imgSrcset.url;","\t});","}","","HtmlImgSrcSetTag.prototype.getPaths = function getPaths () {","\treturn this.paths;","};","","HtmlImgSrcSetTag.prototype.updateText = function updateText (pathsToUpdate) {","\tvar imgSrcsetParts = this.imgSrcsetParts;","\tpathsToUpdate.forEach(function updatePath (path) {","\t\tvar srcsToUpdate = _.filter(imgSrcsetParts, {url: path.oldPath});","\t\tsrcsToUpdate.forEach((srcToUpdate) => {","\t\t\tsrcToUpdate.url = path.newPath;","\t\t});","\t});","\treturn srcset.stringify(imgSrcsetParts);","};","","module.exports = HtmlImgSrcSetTag;",""],"l":{"1":1,"2":1,"4":1,"5":0,"6":0,"7":0,"8":0,"12":1,"13":0,"16":1,"17":0,"18":0,"19":0,"20":0,"21":0,"24":0,"27":1}},"/home/travis/build/npmtest/node-npmtest-website-scraper/node_modules/website-scraper/lib/resource-handler/path-containers/html-common-tag.js":{"path":"/home/travis/build/npmtest/node-npmtest-website-scraper/node_modules/website-scraper/lib/resource-handler/path-containers/html-common-tag.js","s":{"1":1,"2":1,"3":1,"4":0,"5":0,"6":0,"7":0,"8":0,"9":1,"10":0,"11":0,"12":1,"13":0,"14":1,"15":0,"16":0,"17":1},"b":{"1":[0,0],"2":[0,0],"3":[0,0],"4":[0,0]},"f":{"1":0,"2":0,"3":0,"4":0},"fnMap":{"1":{"name":"getPaths","line":4,"loc":{"start":{"line":4,"column":0},"end":{"line":4,"column":25}}},"2":{"name":"HtmlCommonTag","line":13,"loc":{"start":{"line":13,"column":0},"end":{"line":13,"column":30}}},"3":{"name":"getPaths","line":18,"loc":{"start":{"line":18,"column":35},"end":{"line":18,"column":56}}},"4":{"name":"updateText","line":22,"loc":{"start":{"line":22,"column":37},"end":{"line":22,"column":73}}}},"statementMap":{"1":{"start":{"line":1,"column":0},"end":{"line":1,"column":26}},"2":{"start":{"line":2,"column":0},"end":{"line":2,"column":35}},"3":{"start":{"line":4,"column":0},"end":{"line":11,"column":1}},"4":{"start":{"line":5,"column":1},"end":{"line":5,"column":44}},"5":{"start":{"line":6,"column":1},"end":{"line":6,"column":61}},"6":{"start":{"line":7,"column":1},"end":{"line":9,"column":2}},"7":{"start":{"line":8,"column":2},"end":{"line":8,"column":12}},"8":{"start":{"line":10,"column":1},"end":{"line":10,"column":15}},"9":{"start":{"line":13,"column":0},"end":{"line":16,"column":1}},"10":{"start":{"line":14,"column":1},"end":{"line":14,"column":24}},"11":{"start":{"line":15,"column":1},"end":{"line":15,"column":34}},"12":{"start":{"line":18,"column":0},"end":{"line":20,"column":2}},"13":{"start":{"line":19,"column":1},"end":{"line":19,"column":19}},"14":{"start":{"line":22,"column":0},"end":{"line":25,"column":2}},"15":{"start":{"line":23,"column":1},"end":{"line":23,"column":68}},"16":{"start":{"line":24,"column":1},"end":{"line":24,"column":56}},"17":{"start":{"line":27,"column":0},"end":{"line":27,"column":31}}},"branchMap":{"1":{"line":7,"type":"if","locations":[{"start":{"line":7,"column":1},"end":{"line":7,"column":1}},{"start":{"line":7,"column":1},"end":{"line":7,"column":1}}]},"2":{"line":7,"type":"binary-expr","locations":[{"start":{"line":7,"column":5},"end":{"line":7,"column":17}},{"start":{"line":7,"column":21},"end":{"line":7,"column":42}}]},"3":{"line":14,"type":"binary-expr","locations":[{"start":{"line":14,"column":13},"end":{"line":14,"column":17}},{"start":{"line":14,"column":21},"end":{"line":14,"column":23}}]},"4":{"line":24,"type":"cond-expr","locations":[{"start":{"line":24,"column":23},"end":{"line":24,"column":43}},{"start":{"line":24,"column":46},"end":{"line":24,"column":55}}]}},"code":["var _ = require('lodash');","var utils = require('../../utils');","","function getPaths (text) {","\tvar isSamePageId = _.startsWith(text, '#');","\tvar isUriSchemaSupported = utils.isUriSchemaSupported(text);","\tif (isSamePageId || !isUriSchemaSupported) {","\t\treturn [];","\t}","\treturn [text];","}","","function HtmlCommonTag (text) {","\tthis.text = text || '';","\tthis.paths = getPaths(this.text);","}","","HtmlCommonTag.prototype.getPaths = function getPaths () {","\treturn this.paths;","};","","HtmlCommonTag.prototype.updateText = function updateText (pathsToUpdate) {","\tvar pathToUpdate = _.find(pathsToUpdate, {oldPath: this.paths[0]});","\treturn pathToUpdate ? pathToUpdate.newPath : this.text;","};","","module.exports = HtmlCommonTag;","",""],"l":{"1":1,"2":1,"4":1,"5":0,"6":0,"7":0,"8":0,"10":0,"13":1,"14":0,"15":0,"18":1,"19":0,"22":1,"23":0,"24":0,"27":1}},"/home/travis/build/npmtest/node-npmtest-website-scraper/node_modules/website-scraper/lib/resource-handler/path-containers/css-text.js":{"path":"/home/travis/build/npmtest/node-npmtest-website-scraper/node_modules/website-scraper/lib/resource-handler/path-containers/css-text.js","s":{"1":1,"2":1,"3":1,"4":1,"5":0,"6":0,"7":0,"8":0,"9":0,"10":1,"11":0,"12":0,"13":1,"14":0,"15":1,"16":0,"17":0,"18":0,"19":0,"20":1},"b":{"1":[0,0]},"f":{"1":0,"2":0,"3":0,"4":0,"5":0,"6":0},"fnMap":{"1":{"name":"changeExactlyMatchedUrl","line":5,"loc":{"start":{"line":5,"column":0},"end":{"line":5,"column":56}}},"2":{"name":"changeUrl","line":9,"loc":{"start":{"line":9,"column":43},"end":{"line":9,"column":78}}},"3":{"name":"CssText","line":15,"loc":{"start":{"line":15,"column":0},"end":{"line":15,"column":24}}},"4":{"name":"getPaths","line":20,"loc":{"start":{"line":20,"column":29},"end":{"line":20,"column":50}}},"5":{"name":"updateText","line":24,"loc":{"start":{"line":24,"column":31},"end":{"line":24,"column":67}}},"6":{"name":"updatePath","line":26,"loc":{"start":{"line":26,"column":23},"end":{"line":26,"column":50}}}},"statementMap":{"1":{"start":{"line":1,"column":0},"end":{"line":1,"column":43}},"2":{"start":{"line":2,"column":0},"end":{"line":2,"column":26}},"3":{"start":{"line":3,"column":0},"end":{"line":3,"column":36}},"4":{"start":{"line":5,"column":0},"end":{"line":13,"column":1}},"5":{"start":{"line":7,"column":1},"end":{"line":7,"column":92}},"6":{"start":{"line":8,"column":1},"end":{"line":8,"column":67}},"7":{"start":{"line":9,"column":1},"end":{"line":11,"column":4}},"8":{"start":{"line":10,"column":2},"end":{"line":10,"column":26}},"9":{"start":{"line":12,"column":1},"end":{"line":12,"column":13}},"10":{"start":{"line":15,"column":0},"end":{"line":18,"column":1}},"11":{"start":{"line":16,"column":1},"end":{"line":16,"column":24}},"12":{"start":{"line":17,"column":1},"end":{"line":17,"column":36}},"13":{"start":{"line":20,"column":0},"end":{"line":22,"column":2}},"14":{"start":{"line":21,"column":1},"end":{"line":21,"column":19}},"15":{"start":{"line":24,"column":0},"end":{"line":30,"column":2}},"16":{"start":{"line":25,"column":1},"end":{"line":25,"column":29}},"17":{"start":{"line":26,"column":1},"end":{"line":28,"column":4}},"18":{"start":{"line":27,"column":2},"end":{"line":27,"column":81}},"19":{"start":{"line":29,"column":1},"end":{"line":29,"column":20}},"20":{"start":{"line":32,"column":0},"end":{"line":32,"column":25}}},"branchMap":{"1":{"line":16,"type":"binary-expr","locations":[{"start":{"line":16,"column":13},"end":{"line":16,"column":17}},{"start":{"line":16,"column":21},"end":{"line":16,"column":23}}]}},"code":["var getCssUrls = require('css-url-parser');","var _ = require('lodash');","var format = require('util').format;","","function changeExactlyMatchedUrl (text, oldUrl, newUrl) {","\t// starts with ' \" ( ends with ' \" )","\tvar exactlyMatchedPattern = format('([\\'\"\\\\(\\\\s])%s([\\'\"\\\\)\\\\s])', _.escapeRegExp(oldUrl));","\tvar exactlyMatchedRegexp = new RegExp(exactlyMatchedPattern, 'g');","\ttext = text.replace(exactlyMatchedRegexp, function changeUrl (match, g1, g2) {","\t\treturn g1 + newUrl + g2;","\t});","\treturn text;","}","","function CssText (text) {","\tthis.text = text || '';","\tthis.paths = getCssUrls(this.text);","}","","CssText.prototype.getPaths = function getPaths () {","\treturn this.paths;","};","","CssText.prototype.updateText = function updateText (pathsToUpdate) {","\tvar updatedText = this.text;","\tpathsToUpdate.forEach(function updatePath (path) {","\t\tupdatedText = changeExactlyMatchedUrl(updatedText, path.oldPath, path.newPath);","\t});","\treturn updatedText;","};","","module.exports = CssText;","","",""],"l":{"1":1,"2":1,"3":1,"5":1,"7":0,"8":0,"9":0,"10":0,"12":0,"15":1,"16":0,"17":0,"20":1,"21":0,"24":1,"25":0,"26":0,"27":0,"29":0,"32":1}},"/home/travis/build/npmtest/node-npmtest-website-scraper/node_modules/website-scraper/lib/resource-handler/css/index.js":{"path":"/home/travis/build/npmtest/node-npmtest-website-scraper/node_modules/website-scraper/lib/resource-handler/css/index.js","s":{"1":1,"2":1,"3":0,"4":0,"5":1,"6":0,"7":0,"8":0,"9":0,"10":1},"b":{},"f":{"1":0,"2":0,"3":0},"fnMap":{"1":{"name":"CssResourceHandler","line":3,"loc":{"start":{"line":3,"column":0},"end":{"line":3,"column":59}}},"2":{"name":"handle","line":8,"loc":{"start":{"line":8,"column":38},"end":{"line":8,"column":65}}},"3":{"name":"updateText","line":10,"loc":{"start":{"line":10,"column":63},"end":{"line":10,"column":97}}}},"statementMap":{"1":{"start":{"line":1,"column":0},"end":{"line":1,"column":55}},"2":{"start":{"line":3,"column":0},"end":{"line":6,"column":1}},"3":{"start":{"line":4,"column":1},"end":{"line":4,"column":24}},"4":{"start":{"line":5,"column":1},"end":{"line":5,"column":48}},"5":{"start":{"line":8,"column":0},"end":{"line":14,"column":2}},"6":{"start":{"line":9,"column":1},"end":{"line":9,"column":53}},"7":{"start":{"line":10,"column":1},"end":{"line":13,"column":4}},"8":{"start":{"line":11,"column":2},"end":{"line":11,"column":32}},"9":{"start":{"line":12,"column":2},"end":{"line":12,"column":18}},"10":{"start":{"line":16,"column":0},"end":{"line":16,"column":36}}},"branchMap":{},"code":["var CssText = require('./../path-containers/css-text');","","function CssResourceHandler (options, handleChildrenPaths) {","\tthis.options = options;","\tthis.handleChildrenPaths = handleChildrenPaths;","}","","CssResourceHandler.prototype.handle = function handle (resource) {","\tvar pathContainer = new CssText(resource.getText());","\treturn this.handleChildrenPaths(pathContainer, resource).then(function updateText (updatedText) {","\t\tresource.setText(updatedText);","\t\treturn resource;","\t});","};","","module.exports = CssResourceHandler;",""],"l":{"1":1,"3":1,"4":0,"5":0,"8":1,"9":0,"10":0,"11":0,"12":0,"16":1}},"/home/travis/build/npmtest/node-npmtest-website-scraper/node_modules/website-scraper/lib/resource-saver/index.js":{"path":"/home/travis/build/npmtest/node-npmtest-website-scraper/node_modules/website-scraper/lib/resource-saver/index.js","s":{"1":1,"2":1,"3":1,"4":1,"5":1,"6":1,"7":1,"8":0,"9":0,"10":0,"11":0,"12":0,"13":0,"14":0,"15":0,"16":0,"17":0,"18":0,"19":0,"20":0,"21":0,"22":1,"23":0,"24":0,"25":0,"26":0,"27":0,"28":0,"29":0,"30":0,"31":1},"b":{"1":[0,0],"2":[0,0],"3":[0,0],"4":[0,0],"5":[0,0],"6":[0,0]},"f":{"1":0,"2":0,"3":0,"4":0},"fnMap":{"1":{"name":"(anonymous_1)","line":14,"loc":{"start":{"line":14,"column":13},"end":{"line":14,"column":23}}},"2":{"name":"(anonymous_2)","line":35,"loc":{"start":{"line":35,"column":14},"end":{"line":35,"column":25}}},"3":{"name":"(anonymous_3)","line":47,"loc":{"start":{"line":47,"column":14},"end":{"line":47,"column":17}}},"4":{"name":"exists","line":55,"loc":{"start":{"line":55,"column":0},"end":{"line":55,"column":23}}}},"statementMap":{"1":{"start":{"line":3,"column":0},"end":{"line":3,"column":29}},"2":{"start":{"line":4,"column":0},"end":{"line":4,"column":28}},"3":{"start":{"line":5,"column":0},"end":{"line":5,"column":36}},"4":{"start":{"line":7,"column":0},"end":{"line":7,"column":31}},"5":{"start":{"line":8,"column":0},"end":{"line":8,"column":57}},"6":{"start":{"line":9,"column":0},"end":{"line":9,"column":49}},"7":{"start":{"line":11,"column":0},"end":{"line":11,"column":41}},"8":{"start":{"line":15,"column":2},"end":{"line":15,"column":51}},"9":{"start":{"line":17,"column":2},"end":{"line":19,"column":3}},"10":{"start":{"line":18,"column":3},"end":{"line":18,"column":68}},"11":{"start":{"line":21,"column":2},"end":{"line":21,"column":83}},"12":{"start":{"line":23,"column":2},"end":{"line":25,"column":3}},"13":{"start":{"line":24,"column":3},"end":{"line":24,"column":74}},"14":{"start":{"line":27,"column":2},"end":{"line":27,"column":28}},"15":{"start":{"line":36,"column":2},"end":{"line":36,"column":81}},"16":{"start":{"line":37,"column":2},"end":{"line":37,"column":34}},"17":{"start":{"line":38,"column":2},"end":{"line":40,"column":5}},"18":{"start":{"line":39,"column":3},"end":{"line":39,"column":39}},"19":{"start":{"line":48,"column":2},"end":{"line":50,"column":3}},"20":{"start":{"line":49,"column":3},"end":{"line":49,"column":50}},"21":{"start":{"line":51,"column":2},"end":{"line":51,"column":27}},"22":{"start":{"line":55,"column":0},"end":{"line":70,"column":1}},"23":{"start":{"line":56,"column":1},"end":{"line":56,"column":12}},"24":{"start":{"line":57,"column":1},"end":{"line":67,"column":2}},"25":{"start":{"line":58,"column":2},"end":{"line":60,"column":3}},"26":{"start":{"line":59,"column":3},"end":{"line":59,"column":17}},"27":{"start":{"line":62,"column":2},"end":{"line":66,"column":3}},"28":{"start":{"line":63,"column":3},"end":{"line":63,"column":18}},"29":{"start":{"line":65,"column":3},"end":{"line":65,"column":11}},"30":{"start":{"line":69,"column":1},"end":{"line":69,"column":15}},"31":{"start":{"line":72,"column":0},"end":{"line":72,"column":31}}},"branchMap":{"1":{"line":17,"type":"if","locations":[{"start":{"line":17,"column":2},"end":{"line":17,"column":2}},{"start":{"line":17,"column":2},"end":{"line":17,"column":2}}]},"2":{"line":17,"type":"binary-expr","locations":[{"start":{"line":17,"column":6},"end":{"line":17,"column":29}},{"start":{"line":17,"column":33},"end":{"line":17,"column":75}}]},"3":{"line":23,"type":"if","locations":[{"start":{"line":23,"column":2},"end":{"line":23,"column":2}},{"start":{"line":23,"column":2},"end":{"line":23,"column":2}}]},"4":{"line":48,"type":"if","locations":[{"start":{"line":48,"column":2},"end":{"line":48,"column":2}},{"start":{"line":48,"column":2},"end":{"line":48,"column":2}}]},"5":{"line":58,"type":"if","locations":[{"start":{"line":58,"column":2},"end":{"line":58,"column":2}},{"start":{"line":58,"column":2},"end":{"line":58,"column":2}}]},"6":{"line":62,"type":"if","locations":[{"start":{"line":62,"column":2},"end":{"line":62,"column":2}},{"start":{"line":62,"column":2},"end":{"line":62,"column":2}}]}},"code":["'use strict';","","const path = require('path');","const _ = require('lodash');","const Promise = require('bluebird');","","const fs = require('fs-extra');","const outputFileAsync = Promise.promisify(fs.outputFile);","const removeAsync = Promise.promisify(fs.remove);","","const supportedOptions = [ 'directory' ];","","class ResourceSaver {","\tconstructor (options) {","\t\tthis.options = _.pick(options, supportedOptions);","","\t\tif (!this.options.directory || typeof this.options.directory !== 'string') {","\t\t\tthrow new Error('Incorrect directory ' + this.options.directory);","\t\t}","","\t\tthis.absoluteDirectoryPath = path.resolve(process.cwd(), this.options.directory);","","\t\tif (exists(this.absoluteDirectoryPath)) {","\t\t\tthrow new Error('Directory ' + this.absoluteDirectoryPath + ' exists');","\t\t}","","\t\tthis.loadedResources = [];","\t}","","\t/**","\t * Save resource to file system","\t * @param {Resource} resource","\t * @returns {Promise}","\t */","\tsaveResource (resource) {","\t\tconst filename = path.join(this.absoluteDirectoryPath, resource.getFilename());","\t\tconst text = resource.getText();","\t\treturn outputFileAsync(filename, text, { encoding: 'binary' }).then(() => {","\t\t\tthis.loadedResources.push(resource);","\t\t});","\t}","","\t/**","\t * Remove all files that were saved before","\t * @returns {Promise}","\t */","\terrorCleanup () {","\t\tif (!_.isEmpty(this.loadedResources)) {","\t\t\treturn removeAsync(this.absoluteDirectoryPath);","\t\t}","\t\treturn Promise.resolve();","\t}","}","","function exists (path) {","\tlet exists;","\ttry {","\t\tif (fs.statSync(path)) {","\t\t\texists = true;","\t\t}","\t} catch (e) {","\t\tif (e.code === 'ENOENT') {","\t\t\texists = false;","\t\t} else {","\t\t\tthrow e;","\t\t}","\t}","","\treturn exists;","}","","module.exports = ResourceSaver;",""],"l":{"3":1,"4":1,"5":1,"7":1,"8":1,"9":1,"11":1,"15":0,"17":0,"18":0,"21":0,"23":0,"24":0,"27":0,"36":0,"37":0,"38":0,"39":0,"48":0,"49":0,"51":0,"55":1,"56":0,"57":0,"58":0,"59":0,"62":0,"63":0,"65":0,"69":0,"72":1}},"/home/travis/build/npmtest/node-npmtest-website-scraper/node_modules/website-scraper/lib/utils/normalized-url-map.js":{"path":"/home/travis/build/npmtest/node-npmtest-website-scraper/node_modules/website-scraper/lib/utils/normalized-url-map.js","s":{"1":1,"2":0,"3":0,"4":0,"5":1},"b":{},"f":{"1":0,"2":0,"3":0},"fnMap":{"1":{"name":"(anonymous_1)","line":6,"loc":{"start":{"line":6,"column":5},"end":{"line":6,"column":11}}},"2":{"name":"(anonymous_2)","line":10,"loc":{"start":{"line":10,"column":5},"end":{"line":10,"column":18}}},"3":{"name":"(anonymous_3)","line":14,"loc":{"start":{"line":14,"column":5},"end":{"line":14,"column":11}}}},"statementMap":{"1":{"start":{"line":3,"column":0},"end":{"line":3,"column":51}},"2":{"start":{"line":7,"column":2},"end":{"line":7,"column":38}},"3":{"start":{"line":11,"column":2},"end":{"line":11,"column":45}},"4":{"start":{"line":15,"column":2},"end":{"line":15,"column":38}},"5":{"start":{"line":19,"column":0},"end":{"line":19,"column":34}}},"branchMap":{},"code":["'use strict';","","var normalizeUrl = require('./index').normalizeUrl;","","class NormalizedUrlMap extends Map {","\tget (key) {","\t\treturn super.get(normalizeUrl(key));","\t}","","\tset (key, value) {","\t\treturn super.set(normalizeUrl(key), value);","\t}","","\thas (key) {","\t\treturn super.has(normalizeUrl(key));","\t}","}","","module.exports = NormalizedUrlMap;",""],"l":{"3":1,"7":0,"11":0,"15":0,"19":1}}}